#
# A fatal error has been detected by the Java Runtime Environment:
#
#  EXCEPTION_ACCESS_VIOLATION (0xc0000005) at pc=0x00007ffbd8ff424f, pid=15892, tid=17248
#
# JRE version: Java(TM) SE Runtime Environment 18.9 (11.0.11+9) (build 11.0.11+9-LTS-194)
# Java VM: Java HotSpot(TM) 64-Bit Server VM 18.9 (11.0.11+9-LTS-194, mixed mode, tiered, compressed oops, parallel gc, windows-amd64)
# Problematic frame:
# V  [jvm.dll+0x36424f]
#
# No core dump will be written. Minidumps are not enabled by default on client versions of Windows
#
# If you would like to submit a bug report, please visit:
#   https://bugreport.java.com/bugreport/crash.jsp
#

---------------  S U M M A R Y ------------

Command Line: --add-modules=ALL-SYSTEM --add-opens=java.base/java.util=ALL-UNNAMED --add-opens=java.base/java.lang=ALL-UNNAMED -Declipse.application=org.eclipse.jdt.ls.core.id1 -Dosgi.bundles.defaultStartLevel=4 -Declipse.product=org.eclipse.jdt.ls.core.product -Dfile.encoding=utf8 -DwatchParentProcess=false -XX:+UseParallelGC -XX:GCTimeRatio=4 -XX:AdaptiveSizePolicyWeight=90 -Dsun.zip.disableMemoryMapping=true -Xmx1G -Xms100m -Xverify:none c:\Users\Dave\.vscode\extensions\redhat.java-0.79.2\server\plugins\org.eclipse.equinox.launcher_1.6.100.v20201223-0822.jar -configuration c:\Users\Dave\AppData\Roaming\Code\User\globalStorage\redhat.java\0.79.2\config_ss_win -data c:\Users\Dave\AppData\Roaming\Code\User\workspaceStorage\bfa1f3f3086b25534ee236a3ca9d10cd\redhat.java\ss_ws

Host: Intel(R) Core(TM) i5-9400F CPU @ 2.90GHz, 6 cores, 7G,  Windows 10 , 64 bit Build 19041 (10.0.19041.928)
Time: Sat May 29 19:07:07 2021 Hora est. Sudamérica Pacífico elapsed time: 3.544524 seconds (0d 0h 0m 3s)

---------------  T H R E A D  ---------------

Current thread (0x000001fce6ff4800):  JavaThread "ForkJoinPool.commonPool-worker-3" daemon [_thread_in_vm, id=17248, stack(0x0000000f49d00000,0x0000000f49e00000)]

Stack: [0x0000000f49d00000,0x0000000f49e00000],  sp=0x0000000f49dfdf90,  free space=1015k
Native frames: (J=compiled Java code, j=interpreted, Vv=VM code, C=native code)
V  [jvm.dll+0x36424f]
C  0x000001fcd25dd957

Java frames: (J=compiled Java code, j=interpreted, Vv=VM code)
j  org.eclipse.jdt.internal.compiler.parser.Scanner.getNextToken0()I+93
j  org.eclipse.jdt.internal.compiler.parser.Scanner.getNextToken()I+47
j  org.eclipse.jdt.internal.compiler.parser.Parser.parse()V+332
j  org.eclipse.jdt.internal.compiler.parser.Parser.parse(Lorg/eclipse/jdt/internal/compiler/env/ICompilationUnit;Lorg/eclipse/jdt/internal/compiler/CompilationResult;II)Lorg/eclipse/jdt/internal/compiler/ast/CompilationUnitDeclaration;+178
j  org.eclipse.jdt.internal.compiler.parser.Parser.parse(Lorg/eclipse/jdt/internal/compiler/env/ICompilationUnit;Lorg/eclipse/jdt/internal/compiler/CompilationResult;)Lorg/eclipse/jdt/internal/compiler/ast/CompilationUnitDeclaration;+5
j  org.eclipse.jdt.internal.compiler.parser.Parser.dietParse(Lorg/eclipse/jdt/internal/compiler/env/ICompilationUnit;Lorg/eclipse/jdt/internal/compiler/CompilationResult;)Lorg/eclipse/jdt/internal/compiler/ast/CompilationUnitDeclaration;+25
j  org.eclipse.jdt.core.dom.CompilationUnitResolver.parse(Lorg/eclipse/jdt/internal/compiler/env/ICompilationUnit;Lorg/eclipse/jdt/core/dom/NodeSearcher;Ljava/util/Map;I)Lorg/eclipse/jdt/internal/compiler/ast/CompilationUnitDeclaration;+117
j  org.eclipse.jdt.core.dom.ASTParser.internalCreateAST(Lorg/eclipse/core/runtime/IProgressMonitor;)Lorg/eclipse/jdt/core/dom/ASTNode;+914
j  org.eclipse.jdt.core.dom.ASTParser.createAST(Lorg/eclipse/core/runtime/IProgressMonitor;)Lorg/eclipse/jdt/core/dom/ASTNode;+38
j  org.eclipse.jdt.ls.core.internal.JDTUtils.getPackageName(Lorg/eclipse/jdt/core/IJavaProject;Ljava/lang/String;)Ljava/lang/String;+36
j  org.eclipse.jdt.ls.core.internal.JDTUtils.getPackageName(Lorg/eclipse/jdt/core/IJavaProject;Ljava/net/URI;)Ljava/lang/String;+194
j  org.eclipse.jdt.ls.core.internal.JDTUtils.getFakeCompilationUnit(Ljava/net/URI;Lorg/eclipse/core/runtime/IProgressMonitor;)Lorg/eclipse/jdt/core/ICompilationUnit;+76
j  org.eclipse.jdt.ls.core.internal.JDTUtils.resolveCompilationUnit(Ljava/net/URI;)Lorg/eclipse/jdt/core/ICompilationUnit;+68
j  org.eclipse.jdt.ls.core.internal.JDTUtils.resolveTypeRoot(Ljava/lang/String;ZLorg/eclipse/core/runtime/IProgressMonitor;)Lorg/eclipse/jdt/core/ITypeRoot;+131
j  org.eclipse.jdt.ls.core.internal.JDTUtils.resolveTypeRoot(Ljava/lang/String;)Lorg/eclipse/jdt/core/ITypeRoot;+3
j  org.eclipse.jdt.ls.core.internal.handlers.DocumentSymbolHandler.documentSymbol(Lorg/eclipse/lsp4j/DocumentSymbolParams;Lorg/eclipse/core/runtime/IProgressMonitor;)Ljava/util/List;+7
j  org.eclipse.jdt.ls.core.internal.syntaxserver.SyntaxLanguageServer.lambda$2(Lorg/eclipse/jdt/ls/core/internal/handlers/DocumentSymbolHandler;Lorg/eclipse/lsp4j/DocumentSymbolParams;Lorg/eclipse/core/runtime/IProgressMonitor;)Ljava/util/List;+8
j  org.eclipse.jdt.ls.core.internal.syntaxserver.SyntaxLanguageServer$$Lambda$177.apply(Ljava/lang/Object;)Ljava/lang/Object;+16
j  org.eclipse.jdt.ls.core.internal.BaseJDTLanguageServer.lambda$0(Ljava/util/function/Function;Lorg/eclipse/lsp4j/jsonrpc/CancelChecker;)Ljava/lang/Object;+6
j  org.eclipse.jdt.ls.core.internal.BaseJDTLanguageServer$$Lambda$178.apply(Ljava/lang/Object;)Ljava/lang/Object;+12
j  java.util.concurrent.CompletableFuture$UniApply.tryFire(I)Ljava/util/concurrent/CompletableFuture;+106 java.base@11.0.11
j  java.util.concurrent.CompletableFuture$Completion.exec()Z+2 java.base@11.0.11
j  java.util.concurrent.ForkJoinTask.doExec()I+10 java.base@11.0.11
j  java.util.concurrent.ForkJoinPool$WorkQueue.topLevelExec(Ljava/util/concurrent/ForkJoinTask;Ljava/util/concurrent/ForkJoinPool$WorkQueue;I)V+12 java.base@11.0.11
j  java.util.concurrent.ForkJoinPool.scan(Ljava/util/concurrent/ForkJoinPool$WorkQueue;I)Z+182 java.base@11.0.11
j  java.util.concurrent.ForkJoinPool.runWorker(Ljava/util/concurrent/ForkJoinPool$WorkQueue;)V+25 java.base@11.0.11
j  java.util.concurrent.ForkJoinWorkerThread.run()V+24 java.base@11.0.11
v  ~StubRoutines::call_stub

siginfo: EXCEPTION_ACCESS_VIOLATION (0xc0000005), reading address 0x00000000ecc4a304


Register to memory mapping:

RIP=0x00007ffbd8ff424f jvm.dll
RAX=0x000000000000000c is an unknown value
RBX=0x00000000000000d1 is an unknown value
RCX=0x0000000f49dfdfc0 is pointing into the stack for thread: 0x000001fce6ff4800
RDX=0x00007ffbd94b9708 jvm.dll
RSP=0x0000000f49dfdf90 is pointing into the stack for thread: 0x000001fce6ff4800
RBP=0x000001fce61cc800 points into unknown readable memory: 00 00 00 00 00 00 00 00
RSI=0x000001fce74ea870 points into unknown readable memory: 02 00 00 00 00 00 00 00
RDI=0x000001fce6ff4800 is a thread
R8 =0x00000000000000d1 is an unknown value
R9 =0x0000000f49dfdf00 is pointing into the stack for thread: 0x000001fce6ff4800
R10=0x0 is NULL
R11=0x9000000000000001 is an unknown value
R12=0x00000000ecc4a2f8 is an unallocated location in the heap
R13=0x00000000000003d8 is an unknown value
R14=0x000001fce61cc810 points into unknown readable memory: 18 f8 4b d9 fb 7f 00 00
R15=0x000001fce61ccbe8 points into unknown readable memory: 73 8d ee 63 01 07 00 88


Registers:
RAX=0x000000000000000c, RBX=0x00000000000000d1, RCX=0x0000000f49dfdfc0, RDX=0x00007ffbd94b9708
RSP=0x0000000f49dfdf90, RBP=0x000001fce61cc800, RSI=0x000001fce74ea870, RDI=0x000001fce6ff4800
R8 =0x00000000000000d1, R9 =0x0000000f49dfdf00, R10=0x0000000000000000, R11=0x9000000000000001
R12=0x00000000ecc4a2f8, R13=0x00000000000003d8, R14=0x000001fce61cc810, R15=0x000001fce61ccbe8
RIP=0x00007ffbd8ff424f, EFLAGS=0x0000000000010202

Top of Stack: (sp=0x0000000f49dfdf90)
0x0000000f49dfdf90:   00000000000000d1 00000000000000d1
0x0000000f49dfdfa0:   000000000000000a 000001fce6ff4800
0x0000000f49dfdfb0:   000001fce6c053b0 0000000000000000
0x0000000f49dfdfc0:   00007ffbd952dab0 0000005000000000
0x0000000f49dfdfd0:   0000000000000000 0000000000000000
0x0000000f49dfdfe0:   0000000000000000 0000000000000000
0x0000000f49dfdff0:   0000000000000000 000001fce6c6d4b0
0x0000000f49dfe000:   0000000000000000 0000000000000100
0x0000000f49dfe010:   0000000f49dfe000 000001fce8cda118
0x0000000f49dfe020:   000001fce6ff4800 0000000f49dfe148
0x0000000f49dfe030:   000001fce8cd6295 0000000000000000
0x0000000f49dfe040:   0000000000000002 000001fcd25dd957
0x0000000f49dfe050:   000001fce6ff4800 00000000000000d1
0x0000000f49dfe060:   0000000f49dfe0c8 000000000000000a
0x0000000f49dfe070:   00000000ecc4a2f8 000001fcd25dd911
0x0000000f49dfe080:   0000000f49dfe080 000001fce8cd6295 

Instructions: (pc=0x00007ffbd8ff424f)
0x00007ffbd8ff422f:   8c 6c 00 00 48 8d 15 ce 54 4c 00 b9 0c 00 00 00
0x00007ffbd8ff423f:   b8 10 00 00 00 0f 45 c1 44 8b c3 48 8d 4c 24 30
0x00007ffbd8ff424f:   46 8b 0c 20 e8 b8 4d 2b 00 48 8b 1d e1 03 70 00
0x00007ffbd8ff425f:   48 8d 4c 24 30 e8 87 3e 2b 00 4c 8b cb 48 89 44 


Stack slot to memory mapping:
stack at sp + 0 slots: 0x00000000000000d1 is an unknown value
stack at sp + 1 slots: 0x00000000000000d1 is an unknown value
stack at sp + 2 slots: 0x000000000000000a is an unknown value
stack at sp + 3 slots: 0x000001fce6ff4800 is a thread
stack at sp + 4 slots: 0x000001fce6c053b0 points into unknown readable memory: a0 e1 b3 e6 fc 01 00 00
stack at sp + 5 slots: 0x0 is NULL
stack at sp + 6 slots: 0x00007ffbd952dab0 jvm.dll
stack at sp + 7 slots: 0x0000005000000000 is an unknown value


---------------  P R O C E S S  ---------------

Threads class SMR info:
_java_thread_list=0x000001fce72fcc20, length=22, elements={
0x000001fcca11b000, 0x000001fce3f9a800, 0x000001fce3fa4800, 0x000001fce57d2800,
0x000001fce3fb6800, 0x000001fce3fb8000, 0x000001fce3fbc800, 0x000001fce3fc7000,
0x000001fce5939000, 0x000001fce5a1e000, 0x000001fce5fe7000, 0x000001fce6038800,
0x000001fce6881800, 0x000001fce5fc7000, 0x000001fce5e0c800, 0x000001fce6b84000,
0x000001fce6b33000, 0x000001fce6c80800, 0x000001fce6d91800, 0x000001fce6f05800,
0x000001fcf185c800, 0x000001fce6ff4800
}

Java Threads: ( => current thread )
  0x000001fcca11b000 JavaThread "main" [_thread_blocked, id=17456, stack(0x0000000f48000000,0x0000000f48100000)]
  0x000001fce3f9a800 JavaThread "Reference Handler" daemon [_thread_blocked, id=11376, stack(0x0000000f48300000,0x0000000f48400000)]
  0x000001fce3fa4800 JavaThread "Finalizer" daemon [_thread_blocked, id=17804, stack(0x0000000f48400000,0x0000000f48500000)]
  0x000001fce57d2800 JavaThread "Signal Dispatcher" daemon [_thread_blocked, id=20016, stack(0x0000000f48500000,0x0000000f48600000)]
  0x000001fce3fb6800 JavaThread "Attach Listener" daemon [_thread_blocked, id=7012, stack(0x0000000f48600000,0x0000000f48700000)]
  0x000001fce3fb8000 JavaThread "C2 CompilerThread0" daemon [_thread_blocked, id=18608, stack(0x0000000f48700000,0x0000000f48800000)]
  0x000001fce3fbc800 JavaThread "C1 CompilerThread0" daemon [_thread_blocked, id=2260, stack(0x0000000f48800000,0x0000000f48900000)]
  0x000001fce3fc7000 JavaThread "Sweeper thread" daemon [_thread_blocked, id=16824, stack(0x0000000f48900000,0x0000000f48a00000)]
  0x000001fce5939000 JavaThread "Common-Cleaner" daemon [_thread_blocked, id=19600, stack(0x0000000f48a00000,0x0000000f48b00000)]
  0x000001fce5a1e000 JavaThread "Service Thread" daemon [_thread_blocked, id=14496, stack(0x0000000f48c00000,0x0000000f48d00000)]
  0x000001fce5fe7000 JavaThread "Active Thread: Equinox Container: 9aef7d6d-8bad-44fb-8aff-b55fe4e1f8fe" [_thread_blocked, id=11296, stack(0x0000000f48e00000,0x0000000f48f00000)]
  0x000001fce6038800 JavaThread "Framework Event Dispatcher: Equinox Container: 9aef7d6d-8bad-44fb-8aff-b55fe4e1f8fe" daemon [_thread_blocked, id=7588, stack(0x0000000f48f00000,0x0000000f49000000)]
  0x000001fce6881800 JavaThread "Start Level: Equinox Container: 9aef7d6d-8bad-44fb-8aff-b55fe4e1f8fe" daemon [_thread_blocked, id=13568, stack(0x0000000f49000000,0x0000000f49100000)]
  0x000001fce5fc7000 JavaThread "SCR Component Actor" daemon [_thread_blocked, id=7660, stack(0x0000000f49100000,0x0000000f49200000)]
  0x000001fce5e0c800 JavaThread "Timer-0" daemon [_thread_blocked, id=20088, stack(0x0000000f49500000,0x0000000f49600000)]
  0x000001fce6b84000 JavaThread "Worker-JM" [_thread_blocked, id=18888, stack(0x0000000f49600000,0x0000000f49700000)]
  0x000001fce6b33000 JavaThread "Worker-0" [_thread_blocked, id=16908, stack(0x0000000f48b00000,0x0000000f48c00000)]
  0x000001fce6c80800 JavaThread "Worker-1" [_thread_blocked, id=20112, stack(0x0000000f49900000,0x0000000f49a00000)]
  0x000001fce6d91800 JavaThread "C2 CompilerThread1" daemon [_thread_blocked, id=12616, stack(0x0000000f49a00000,0x0000000f49b00000)]
  0x000001fce6f05800 JavaThread "pool-1-thread-1" [_thread_in_native, id=5736, stack(0x0000000f49b00000,0x0000000f49c00000)]
  0x000001fcf185c800 JavaThread "Worker-2" [_thread_blocked, id=7196, stack(0x0000000f49c00000,0x0000000f49d00000)]
=>0x000001fce6ff4800 JavaThread "ForkJoinPool.commonPool-worker-3" daemon [_thread_in_vm, id=17248, stack(0x0000000f49d00000,0x0000000f49e00000)]

Other Threads:
  0x000001fce3f98000 VMThread "VM Thread" [stack: 0x0000000f48200000,0x0000000f48300000] [id=18072]
  0x000001fce5a22000 WatcherThread [stack: 0x0000000f48d00000,0x0000000f48e00000] [id=9432]
  0x000001fcca131000 GCTaskThread "ParGC Thread#0" [stack: 0x0000000f48100000,0x0000000f48200000] [id=14320]
  0x000001fce5f98000 GCTaskThread "ParGC Thread#1" [stack: 0x0000000f49200000,0x0000000f49300000] [id=14300]
  0x000001fce5df4000 GCTaskThread "ParGC Thread#2" [stack: 0x0000000f49300000,0x0000000f49400000] [id=9672]
  0x000001fce5df5000 GCTaskThread "ParGC Thread#3" [stack: 0x0000000f49400000,0x0000000f49500000] [id=15184]
  0x000001fce6b21000 GCTaskThread "ParGC Thread#4" [stack: 0x0000000f49700000,0x0000000f49800000] [id=20268]
  0x000001fce6b22000 GCTaskThread "ParGC Thread#5" [stack: 0x0000000f49800000,0x0000000f49900000] [id=20144]

Threads with active compile tasks:

VM state:not at safepoint (normal execution)

VM Mutex/Monitor currently owned by a thread: None

Heap address: 0x00000000c0000000, size: 1024 MB, Compressed Oops mode: 32-bit
Narrow klass base: 0x0000000000000000, Narrow klass shift: 3
Compressed class space size: 1073741824 Address: 0x0000000100000000

Heap:
 PSYoungGen      total 23552K, used 1009K [0x00000000eab00000, 0x00000000eca00000, 0x0000000100000000)
  eden space 22528K, 4% used [0x00000000eab00000,0x00000000eabfc660,0x00000000ec100000)
  from space 1024K, 0% used [0x00000000ec400000,0x00000000ec400000,0x00000000ec500000)
  to   space 2048K, 0% used [0x00000000ec800000,0x00000000ec800000,0x00000000eca00000)
 ParOldGen       total 68608K, used 22874K [0x00000000c0000000, 0x00000000c4300000, 0x00000000eab00000)
  object space 68608K, 33% used [0x00000000c0000000,0x00000000c16568a8,0x00000000c4300000)
 Metaspace       used 33569K, capacity 35186K, committed 35328K, reserved 1081344K
  class space    used 3156K, capacity 3757K, committed 3840K, reserved 1048576K

Card table byte_map: [0x000001fcc9ae0000,0x000001fcc9cf0000] _byte_map_base: 0x000001fcc94e0000

Marking Bits: (ParMarkBitMap*) 0x00007ffbd96d57a0
 Begin Bits: [0x000001fce15d0000, 0x000001fce25d0000)
 End Bits:   [0x000001fce25d0000, 0x000001fce35d0000)

Polling page: 0x000001fcc80b0000

Metaspace:

Usage:
  Non-class:     30.69 MB capacity,    29.70 MB ( 97%) used,   948.67 KB (  3%) free+waste,    67.56 KB ( <1%) overhead. 
      Class:      3.67 MB capacity,     3.08 MB ( 84%) used,   568.38 KB ( 15%) free+waste,    31.75 KB ( <1%) overhead. 
       Both:     34.36 MB capacity,    32.78 MB ( 95%) used,     1.48 MB (  4%) free+waste,    99.31 KB ( <1%) overhead. 

Virtual space:
  Non-class space:       32.00 MB reserved,      30.75 MB ( 96%) committed 
      Class space:        1.00 GB reserved,       3.75 MB ( <1%) committed 
             Both:        1.03 GB reserved,      34.50 MB (  3%) committed 

Chunk freelists:
   Non-Class:  7.38 KB
       Class:  2.38 KB
        Both:  9.75 KB

CodeHeap 'non-profiled nmethods': size=120064Kb used=1405Kb max_used=1405Kb free=118658Kb
 bounds [0x000001fcda090000, 0x000001fcda300000, 0x000001fce15d0000]
CodeHeap 'profiled nmethods': size=120000Kb used=7323Kb max_used=7323Kb free=112676Kb
 bounds [0x000001fcd2b60000, 0x000001fcd3290000, 0x000001fcda090000]
CodeHeap 'non-nmethods': size=5696Kb used=1191Kb max_used=1223Kb free=4504Kb
 bounds [0x000001fcd25d0000, 0x000001fcd2840000, 0x000001fcd2b60000]
 total_blobs=3987 nmethods=3439 adapters=461
 compilation: enabled
              stopped_count=0, restarted_count=0
 full_count=0

Compilation events (10 events):
Event: 3.511 Thread 0x000001fce3fbc800 3424       3       org.eclipse.core.filesystem.provider.FileInfo::isSet (16 bytes)
Event: 3.511 Thread 0x000001fce3fbc800 nmethod 3424 0x000001fcd326f610 code [0x000001fcd326f7a0, 0x000001fcd326f8f8]
Event: 3.511 Thread 0x000001fce3fbc800 3425       3       org.eclipse.core.internal.dtree.AbstractDataTreeNode::<init> (34 bytes)
Event: 3.512 Thread 0x000001fce3fbc800 nmethod 3425 0x000001fcd326f990 code [0x000001fcd326fb40, 0x000001fcd326fd98]
Event: 3.518 Thread 0x000001fce3fbc800 3426       1       org.eclipse.core.internal.resources.Folder::getType (2 bytes)
Event: 3.518 Thread 0x000001fce3fbc800 nmethod 3426 0x000001fcda1ee310 code [0x000001fcda1ee4a0, 0x000001fcda1ee558]
Event: 3.518 Thread 0x000001fce3fbc800 3427       3       org.eclipse.core.internal.resources.WorkspaceRoot::getProject (113 bytes)
Event: 3.519 Thread 0x000001fce3fbc800 nmethod 3427 0x000001fcd326fe90 code [0x000001fcd3270120, 0x000001fcd3270e68]
Event: 3.525 Thread 0x000001fce3fbc800 3428       3       sun.nio.fs.NativeBuffers::getNativeBuffer (21 bytes)
Event: 3.525 Thread 0x000001fce3fbc800 nmethod 3428 0x000001fcd3271390 code [0x000001fcd3271560, 0x000001fcd3271858]

GC Heap History (10 events):
Event: 2.953 GC heap before
{Heap before GC invocations=9 (full 1):
 PSYoungGen      total 30720K, used 30703K [0x00000000eab00000, 0x00000000ed480000, 0x0000000100000000)
  eden space 24064K, 100% used [0x00000000eab00000,0x00000000ec280000,0x00000000ec280000)
  from space 6656K, 99% used [0x00000000ec380000,0x00000000ec9fbe00,0x00000000eca00000)
  to   space 9216K, 0% used [0x00000000ecb80000,0x00000000ecb80000,0x00000000ed480000)
 ParOldGen       total 68608K, used 11417K [0x00000000c0000000, 0x00000000c4300000, 0x00000000eab00000)
  object space 68608K, 16% used [0x00000000c0000000,0x00000000c0b26580,0x00000000c4300000)
 Metaspace       used 31378K, capacity 32980K, committed 33024K, reserved 1079296K
  class space    used 2996K, capacity 3572K, committed 3584K, reserved 1048576K
}
Event: 2.963 GC heap after
{Heap after GC invocations=9 (full 1):
 PSYoungGen      total 31232K, used 7347K [0x00000000eab00000, 0x00000000ed300000, 0x0000000100000000)
  eden space 23552K, 0% used [0x00000000eab00000,0x00000000eab00000,0x00000000ec200000)
  from space 7680K, 95% used [0x00000000ecb80000,0x00000000ed2aceb8,0x00000000ed300000)
  to   space 8192K, 0% used [0x00000000ec300000,0x00000000ec300000,0x00000000ecb00000)
 ParOldGen       total 68608K, used 12949K [0x00000000c0000000, 0x00000000c4300000, 0x00000000eab00000)
  object space 68608K, 18% used [0x00000000c0000000,0x00000000c0ca5488,0x00000000c4300000)
 Metaspace       used 31378K, capacity 32980K, committed 33024K, reserved 1079296K
  class space    used 2996K, capacity 3572K, committed 3584K, reserved 1048576K
}
Event: 2.989 GC heap before
{Heap before GC invocations=10 (full 1):
 PSYoungGen      total 31232K, used 30899K [0x00000000eab00000, 0x00000000ed300000, 0x0000000100000000)
  eden space 23552K, 100% used [0x00000000eab00000,0x00000000ec200000,0x00000000ec200000)
  from space 7680K, 95% used [0x00000000ecb80000,0x00000000ed2aceb8,0x00000000ed300000)
  to   space 8192K, 0% used [0x00000000ec300000,0x00000000ec300000,0x00000000ecb00000)
 ParOldGen       total 68608K, used 12949K [0x00000000c0000000, 0x00000000c4300000, 0x00000000eab00000)
  object space 68608K, 18% used [0x00000000c0000000,0x00000000c0ca5488,0x00000000c4300000)
 Metaspace       used 31378K, capacity 32980K, committed 33024K, reserved 1079296K
  class space    used 2996K, capacity 3572K, committed 3584K, reserved 1048576K
}
Event: 2.997 GC heap after
{Heap after GC invocations=10 (full 1):
 PSYoungGen      total 29696K, used 6560K [0x00000000eab00000, 0x00000000ecf80000, 0x0000000100000000)
  eden space 23040K, 0% used [0x00000000eab00000,0x00000000eab00000,0x00000000ec180000)
  from space 6656K, 98% used [0x00000000ec300000,0x00000000ec968020,0x00000000ec980000)
  to   space 6144K, 0% used [0x00000000ec980000,0x00000000ec980000,0x00000000ecf80000)
 ParOldGen       total 68608K, used 15748K [0x00000000c0000000, 0x00000000c4300000, 0x00000000eab00000)
  object space 68608K, 22% used [0x00000000c0000000,0x00000000c0f61340,0x00000000c4300000)
 Metaspace       used 31378K, capacity 32980K, committed 33024K, reserved 1079296K
  class space    used 2996K, capacity 3572K, committed 3584K, reserved 1048576K
}
Event: 3.271 GC heap before
{Heap before GC invocations=11 (full 1):
 PSYoungGen      total 29696K, used 29600K [0x00000000eab00000, 0x00000000ecf80000, 0x0000000100000000)
  eden space 23040K, 100% used [0x00000000eab00000,0x00000000ec180000,0x00000000ec180000)
  from space 6656K, 98% used [0x00000000ec300000,0x00000000ec968020,0x00000000ec980000)
  to   space 6144K, 0% used [0x00000000ec980000,0x00000000ec980000,0x00000000ecf80000)
 ParOldGen       total 68608K, used 15748K [0x00000000c0000000, 0x00000000c4300000, 0x00000000eab00000)
  object space 68608K, 22% used [0x00000000c0000000,0x00000000c0f61340,0x00000000c4300000)
 Metaspace       used 32217K, capacity 33905K, committed 34176K, reserved 1079296K
  class space    used 3075K, capacity 3693K, committed 3712K, reserved 1048576K
}
Event: 3.285 GC heap after
{Heap after GC invocations=11 (full 1):
 PSYoungGen      total 26112K, used 3136K [0x00000000eab00000, 0x00000000ecd00000, 0x0000000100000000)
  eden space 22528K, 0% used [0x00000000eab00000,0x00000000eab00000,0x00000000ec100000)
  from space 3584K, 87% used [0x00000000ec980000,0x00000000ecc90020,0x00000000ecd00000)
  to   space 4608K, 0% used [0x00000000ec400000,0x00000000ec400000,0x00000000ec880000)
 ParOldGen       total 68608K, used 20083K [0x00000000c0000000, 0x00000000c4300000, 0x00000000eab00000)
  object space 68608K, 29% used [0x00000000c0000000,0x00000000c139ce00,0x00000000c4300000)
 Metaspace       used 32217K, capacity 33905K, committed 34176K, reserved 1079296K
  class space    used 3075K, capacity 3693K, committed 3712K, reserved 1048576K
}
Event: 3.432 GC heap before
{Heap before GC invocations=12 (full 1):
 PSYoungGen      total 26112K, used 16109K [0x00000000eab00000, 0x00000000ecd00000, 0x0000000100000000)
  eden space 22528K, 57% used [0x00000000eab00000,0x00000000eb7ab748,0x00000000ec100000)
  from space 3584K, 87% used [0x00000000ec980000,0x00000000ecc90020,0x00000000ecd00000)
  to   space 4608K, 0% used [0x00000000ec400000,0x00000000ec400000,0x00000000ec880000)
 ParOldGen       total 68608K, used 20083K [0x00000000c0000000, 0x00000000c4300000, 0x00000000eab00000)
  object space 68608K, 29% used [0x00000000c0000000,0x00000000c139ce00,0x00000000c4300000)
 Metaspace       used 33536K, capacity 35186K, committed 35328K, reserved 1081344K
  class space    used 3156K, capacity 3757K, committed 3840K, reserved 1048576K
}
Event: 3.438 GC heap after
{Heap after GC invocations=12 (full 1):
 PSYoungGen      total 23552K, used 980K [0x00000000eab00000, 0x00000000eca00000, 0x0000000100000000)
  eden space 22528K, 0% used [0x00000000eab00000,0x00000000eab00000,0x00000000ec100000)
  from space 1024K, 95% used [0x00000000ec400000,0x00000000ec4f52a0,0x00000000ec500000)
  to   space 2048K, 0% used [0x00000000ec800000,0x00000000ec800000,0x00000000eca00000)
 ParOldGen       total 68608K, used 23175K [0x00000000c0000000, 0x00000000c4300000, 0x00000000eab00000)
  object space 68608K, 33% used [0x00000000c0000000,0x00000000c16a1ce8,0x00000000c4300000)
 Metaspace       used 33536K, capacity 35186K, committed 35328K, reserved 1081344K
  class space    used 3156K, capacity 3757K, committed 3840K, reserved 1048576K
}
Event: 3.438 GC heap before
{Heap before GC invocations=13 (full 2):
 PSYoungGen      total 23552K, used 980K [0x00000000eab00000, 0x00000000eca00000, 0x0000000100000000)
  eden space 22528K, 0% used [0x00000000eab00000,0x00000000eab00000,0x00000000ec100000)
  from space 1024K, 95% used [0x00000000ec400000,0x00000000ec4f52a0,0x00000000ec500000)
  to   space 2048K, 0% used [0x00000000ec800000,0x00000000ec800000,0x00000000eca00000)
 ParOldGen       total 68608K, used 23175K [0x00000000c0000000, 0x00000000c4300000, 0x00000000eab00000)
  object space 68608K, 33% used [0x00000000c0000000,0x00000000c16a1ce8,0x00000000c4300000)
 Metaspace       used 33536K, capacity 35186K, committed 35328K, reserved 1081344K
  class space    used 3156K, capacity 3757K, committed 3840K, reserved 1048576K
}
Event: 3.503 GC heap after
{Heap after GC invocations=13 (full 2):
 PSYoungGen      total 23552K, used 0K [0x00000000eab00000, 0x00000000eca00000, 0x0000000100000000)
  eden space 22528K, 0% used [0x00000000eab00000,0x00000000eab00000,0x00000000ec100000)
  from space 1024K, 0% used [0x00000000ec400000,0x00000000ec400000,0x00000000ec500000)
  to   space 2048K, 0% used [0x00000000ec800000,0x00000000ec800000,0x00000000eca00000)
 ParOldGen       total 68608K, used 22874K [0x00000000c0000000, 0x00000000c4300000, 0x00000000eab00000)
  object space 68608K, 33% used [0x00000000c0000000,0x00000000c16568a8,0x00000000c4300000)
 Metaspace       used 33536K, capacity 35186K, committed 35328K, reserved 1081344K
  class space    used 3156K, capacity 3757K, committed 3840K, reserved 1048576K
}

Deoptimization events (10 events):
Event: 3.107 Thread 0x000001fce6c80800 Uncommon trap: reason=profile_predicate action=maybe_recompile pc=0x000001fcda15fca4 method=java.util.TreeMap.put(Ljava/lang/Object;Ljava/lang/Object;)Ljava/lang/Object; @ 55 c2
Event: 3.202 Thread 0x000001fce6f05800 Uncommon trap: reason=predicate action=maybe_recompile pc=0x000001fcda164d1c method=java.lang.PublicMethods$MethodList.filter([Ljava/lang/reflect/Method;Ljava/lang/String;[Ljava/lang/Class;Z)Ljava/lang/PublicMethods$MethodList; @ 21 c2
Event: 3.267 Thread 0x000001fce6f05800 Uncommon trap: reason=bimorphic_or_optimized_type_check action=maybe_recompile pc=0x000001fcda17d958 method=java.util.stream.Sink$ChainedReference.cancellationRequested()Z @ 4 c2
Event: 3.267 Thread 0x000001fce6f05800 Uncommon trap: reason=class_check action=maybe_recompile pc=0x000001fcda183768 method=java.util.ArrayList$ArrayListSpliterator.tryAdvance(Ljava/util/function/Consumer;)Z @ 48 c2
Event: 3.267 Thread 0x000001fce6f05800 Uncommon trap: reason=bimorphic_or_optimized_type_check action=maybe_recompile pc=0x000001fcda17d958 method=java.util.stream.Sink$ChainedReference.cancellationRequested()Z @ 4 c2
Event: 3.268 Thread 0x000001fce6ff4800 Uncommon trap: reason=profile_predicate action=maybe_recompile pc=0x000001fcda1c44b8 method=org.eclipse.jdt.internal.core.util.HashtableOfArrayToObject.get([Ljava/lang/Object;)Ljava/lang/Object; @ 64 c2
Event: 3.323 Thread 0x000001fce6f05800 Uncommon trap: reason=profile_predicate action=maybe_recompile pc=0x000001fcda15fca4 method=java.util.TreeMap.put(Ljava/lang/Object;Ljava/lang/Object;)Ljava/lang/Object; @ 55 c2
Event: 3.376 Thread 0x000001fce6f05800 Uncommon trap: reason=profile_predicate action=maybe_recompile pc=0x000001fcda1d580c method=java.util.TreeMap.getEntryUsingComparator(Ljava/lang/Object;)Ljava/util/TreeMap$Entry; @ 19 c2
Event: 3.376 Thread 0x000001fce6f05800 Uncommon trap: reason=profile_predicate action=maybe_recompile pc=0x000001fcda15fca4 method=java.util.TreeMap.put(Ljava/lang/Object;Ljava/lang/Object;)Ljava/lang/Object; @ 55 c2
Event: 3.403 Thread 0x000001fce6ff4800 Uncommon trap: reason=unstable_if action=reinterpret pc=0x000001fcda1e884c method=java.util.Properties$LineReader.readLine()I @ 325 c2

Classes redefined (0 events):
No events

Internal exceptions (10 events):
Event: 3.326 Thread 0x000001fce6f05800 Exception <a 'sun/nio/fs/WindowsException'{0x00000000eb1070f0}> (0x00000000eb1070f0) thrown at [./open/src/hotspot/share/prims/jni.cpp, line 611]
Event: 3.329 Thread 0x000001fce6f05800 Exception <a 'sun/nio/fs/WindowsException'{0x00000000eb10a860}> (0x00000000eb10a860) thrown at [./open/src/hotspot/share/prims/jni.cpp, line 611]
Event: 3.330 Thread 0x000001fce6f05800 Exception <a 'sun/nio/fs/WindowsException'{0x00000000eb2ccef8}> (0x00000000eb2ccef8) thrown at [./open/src/hotspot/share/prims/jni.cpp, line 611]
Event: 3.333 Thread 0x000001fce6f05800 Exception <a 'sun/nio/fs/WindowsException'{0x00000000eb2d41b8}> (0x00000000eb2d41b8) thrown at [./open/src/hotspot/share/prims/jni.cpp, line 611]
Event: 3.336 Thread 0x000001fce6f05800 Exception <a 'sun/nio/fs/WindowsException'{0x00000000eb360650}> (0x00000000eb360650) thrown at [./open/src/hotspot/share/prims/jni.cpp, line 611]
Event: 3.338 Thread 0x000001fce6f05800 Exception <a 'java/io/FileNotFoundException'{0x00000000eb366048}> (0x00000000eb366048) thrown at [./open/src/hotspot/share/prims/jni.cpp, line 611]
Event: 3.344 Thread 0x000001fce6f05800 Exception <a 'java/io/FileNotFoundException'{0x00000000eb3ea238}> (0x00000000eb3ea238) thrown at [./open/src/hotspot/share/prims/jni.cpp, line 611]
Event: 3.347 Thread 0x000001fce6f05800 Exception <a 'sun/nio/fs/WindowsException'{0x00000000eb3f1d18}> (0x00000000eb3f1d18) thrown at [./open/src/hotspot/share/prims/jni.cpp, line 611]
Event: 3.369 Thread 0x000001fce6f05800 Exception <a 'sun/nio/fs/WindowsException'{0x00000000eb40ecc8}> (0x00000000eb40ecc8) thrown at [./open/src/hotspot/share/prims/jni.cpp, line 611]
Event: 3.376 Thread 0x000001fce6f05800 Exception <a 'sun/nio/fs/WindowsException'{0x00000000eb5883f8}> (0x00000000eb5883f8) thrown at [./open/src/hotspot/share/prims/jni.cpp, line 611]

Events (10 events):
Event: 3.408 Thread 0x000001fce6ff4800 DEOPT PACKING pc=0x000001fcd3269f56 sp=0x0000000f49dfd8d0
Event: 3.408 Thread 0x000001fce6ff4800 DEOPT UNPACKING pc=0x000001fcd25f65de sp=0x0000000f49dfcdc0 mode 0
Event: 3.409 loading class org/eclipse/jdt/internal/compiler/problem/messages_es
Event: 3.409 loading class org/eclipse/jdt/internal/compiler/problem/messages_es done
Event: 3.409 loading class org/eclipse/jdt/internal/compiler/problem/messages_es_MX
Event: 3.409 loading class org/eclipse/jdt/internal/compiler/problem/messages_es_MX done
Event: 3.425 Executing VM operation: Deoptimize
Event: 3.426 Executing VM operation: Deoptimize done
Event: 3.432 Executing VM operation: CollectForMetadataAllocation
Event: 3.503 Executing VM operation: CollectForMetadataAllocation done


Dynamic libraries:
0x00007ff70a530000 - 0x00007ff70a53f000 	D:\Program Files\Java\jdk-11.0.11\bin\java.exe
0x00007ffc36190000 - 0x00007ffc36385000 	C:\Windows\SYSTEM32\ntdll.dll
0x00007ffc341f0000 - 0x00007ffc342ad000 	C:\Windows\System32\KERNEL32.DLL
0x00007ffc33c40000 - 0x00007ffc33f08000 	C:\Windows\System32\KERNELBASE.dll
0x00007ffc34010000 - 0x00007ffc34110000 	C:\Windows\System32\ucrtbase.dll
0x00007ffc2d2d0000 - 0x00007ffc2d2e5000 	D:\Program Files\Java\jdk-11.0.11\bin\VCRUNTIME140.dll
0x00007ffc2d420000 - 0x00007ffc2d438000 	D:\Program Files\Java\jdk-11.0.11\bin\jli.dll
0x00007ffc35ed0000 - 0x00007ffc35f7c000 	C:\Windows\System32\ADVAPI32.dll
0x00007ffc351a0000 - 0x00007ffc3523e000 	C:\Windows\System32\msvcrt.dll
0x00007ffc35f80000 - 0x00007ffc3601b000 	C:\Windows\System32\sechost.dll
0x00007ffc35ce0000 - 0x00007ffc35e0b000 	C:\Windows\System32\RPCRT4.dll
0x00007ffc35270000 - 0x00007ffc35410000 	C:\Windows\System32\USER32.dll
0x00007ffc341c0000 - 0x00007ffc341e2000 	C:\Windows\System32\win32u.dll
0x00007ffc28c00000 - 0x00007ffc28e9a000 	C:\Windows\WinSxS\amd64_microsoft.windows.common-controls_6595b64144ccf1df_6.0.19041.844_none_ca00b6081b84eb1d\COMCTL32.dll
0x00007ffc34610000 - 0x00007ffc3463a000 	C:\Windows\System32\GDI32.dll
0x00007ffc339d0000 - 0x00007ffc33adb000 	C:\Windows\System32\gdi32full.dll
0x00007ffc338d0000 - 0x00007ffc3396d000 	C:\Windows\System32\msvcp_win.dll
0x00007ffc2ce40000 - 0x00007ffc2ce4a000 	C:\Windows\SYSTEM32\VERSION.dll
0x00007ffc35240000 - 0x00007ffc35270000 	C:\Windows\System32\IMM32.DLL
0x00007ffc2a200000 - 0x00007ffc2a29b000 	D:\Program Files\Java\jdk-11.0.11\bin\msvcp140.dll
0x00007ffbd8c90000 - 0x00007ffbd978e000 	D:\Program Files\Java\jdk-11.0.11\bin\server\jvm.dll
0x00007ffc35410000 - 0x00007ffc35418000 	C:\Windows\System32\PSAPI.DLL
0x00007ffc2a7f0000 - 0x00007ffc2a817000 	C:\Windows\SYSTEM32\WINMM.dll
0x00007ffc1ee20000 - 0x00007ffc1ee29000 	C:\Windows\SYSTEM32\WSOCK32.dll
0x00007ffc35950000 - 0x00007ffc359bb000 	C:\Windows\System32\WS2_32.dll
0x00007ffc31840000 - 0x00007ffc31852000 	C:\Windows\SYSTEM32\kernel.appcore.dll
0x00007ffc2d410000 - 0x00007ffc2d420000 	D:\Program Files\Java\jdk-11.0.11\bin\verify.dll
0x00007ffc2df60000 - 0x00007ffc2e144000 	C:\Windows\SYSTEM32\DBGHELP.DLL
0x00007ffc21760000 - 0x00007ffc2178c000 	C:\Windows\SYSTEM32\dbgcore.DLL
0x00007ffc33f60000 - 0x00007ffc33fe0000 	C:\Windows\System32\bcryptPrimitives.dll
0x00007ffc2d2a0000 - 0x00007ffc2d2c8000 	D:\Program Files\Java\jdk-11.0.11\bin\java.dll
0x00007ffc2ae30000 - 0x00007ffc2ae3a000 	D:\Program Files\Java\jdk-11.0.11\bin\jimage.dll
0x00007ffc2a1e0000 - 0x00007ffc2a1f6000 	D:\Program Files\Java\jdk-11.0.11\bin\zip.dll
0x00007ffc347b0000 - 0x00007ffc34ef2000 	C:\Windows\System32\SHELL32.dll
0x00007ffc31a40000 - 0x00007ffc321d0000 	C:\Windows\SYSTEM32\windows.storage.dll
0x00007ffc342b0000 - 0x00007ffc34605000 	C:\Windows\System32\combase.dll
0x00007ffc33340000 - 0x00007ffc3336c000 	C:\Windows\SYSTEM32\Wldp.dll
0x00007ffc35430000 - 0x00007ffc354de000 	C:\Windows\System32\SHCORE.dll
0x00007ffc34750000 - 0x00007ffc347a5000 	C:\Windows\System32\shlwapi.dll
0x00007ffc33810000 - 0x00007ffc3382f000 	C:\Windows\SYSTEM32\profapi.dll
0x00007ffc2a1c0000 - 0x00007ffc2a1d9000 	D:\Program Files\Java\jdk-11.0.11\bin\net.dll
0x00007ffc2e800000 - 0x00007ffc2e90b000 	C:\Windows\SYSTEM32\WINHTTP.dll
0x00007ffc330b0000 - 0x00007ffc3311a000 	C:\Windows\system32\mswsock.dll
0x00007ffc2a1a0000 - 0x00007ffc2a1b2000 	D:\Program Files\Java\jdk-11.0.11\bin\nio.dll
0x00007ffc30830000 - 0x00007ffc3083d000 	D:\Program Files\Java\jdk-11.0.11\bin\sunmscapi.dll
0x00007ffc33ae0000 - 0x00007ffc33c3f000 	C:\Windows\System32\CRYPT32.dll
0x00007ffc333b0000 - 0x00007ffc333d7000 	C:\Windows\SYSTEM32\ncrypt.dll
0x00007ffc33370000 - 0x00007ffc333ab000 	C:\Windows\SYSTEM32\NTASN1.dll
0x00007ffc06ec0000 - 0x00007ffc06ee5000 	D:\Program Files\Java\jdk-11.0.11\bin\sunec.dll
0x00007ffc33280000 - 0x00007ffc33298000 	C:\Windows\SYSTEM32\CRYPTSP.dll
0x00007ffc329e0000 - 0x00007ffc32a14000 	C:\Windows\system32\rsaenh.dll
0x00007ffc33fe0000 - 0x00007ffc34007000 	C:\Windows\System32\bcrypt.dll
0x00007ffc337d0000 - 0x00007ffc337fe000 	C:\Windows\SYSTEM32\USERENV.dll
0x00007ffc332a0000 - 0x00007ffc332ac000 	C:\Windows\SYSTEM32\CRYPTBASE.dll
0x00007ffc32d50000 - 0x00007ffc32d8b000 	C:\Windows\SYSTEM32\IPHLPAPI.DLL
0x00007ffc35190000 - 0x00007ffc35198000 	C:\Windows\System32\NSI.dll
0x00007ffc2df30000 - 0x00007ffc2df47000 	C:\Windows\SYSTEM32\dhcpcsvc6.DLL
0x00007ffc2d510000 - 0x00007ffc2d52d000 	C:\Windows\SYSTEM32\dhcpcsvc.DLL
0x00007ffc32d90000 - 0x00007ffc32e5c000 	C:\Windows\SYSTEM32\DNSAPI.dll
0x00007ffc01c60000 - 0x00007ffc01c89000 	C:\Users\Dave\AppData\Roaming\Code\User\globalStorage\redhat.java\0.79.2\config_ss_win\org.eclipse.equinox.launcher\org.eclipse.equinox.launcher.win32.win32.x86_64_1.2.200.v20210406-1409\eclipse_11401.dll

dbghelp: loaded successfully - version: 4.0.5 - missing functions: none
symbol engine: initialized successfully - sym options: 0x614 - pdb path: .;D:\Program Files\Java\jdk-11.0.11\bin;C:\Windows\SYSTEM32;C:\Windows\WinSxS\amd64_microsoft.windows.common-controls_6595b64144ccf1df_6.0.19041.844_none_ca00b6081b84eb1d;D:\Program Files\Java\jdk-11.0.11\bin\server;C:\Users\Dave\AppData\Roaming\Code\User\globalStorage\redhat.java\0.79.2\config_ss_win\org.eclipse.equinox.launcher\org.eclipse.equinox.launcher.win32.win32.x86_64_1.2.200.v20210406-1409

VM Arguments:
jvm_args: --add-modules=ALL-SYSTEM --add-opens=java.base/java.util=ALL-UNNAMED --add-opens=java.base/java.lang=ALL-UNNAMED -Declipse.application=org.eclipse.jdt.ls.core.id1 -Dosgi.bundles.defaultStartLevel=4 -Declipse.product=org.eclipse.jdt.ls.core.product -Dfile.encoding=utf8 -DwatchParentProcess=false -XX:+UseParallelGC -XX:GCTimeRatio=4 -XX:AdaptiveSizePolicyWeight=90 -Dsun.zip.disableMemoryMapping=true -Xmx1G -Xms100m -Xverify:none 
java_command: c:\Users\Dave\.vscode\extensions\redhat.java-0.79.2\server\plugins\org.eclipse.equinox.launcher_1.6.100.v20201223-0822.jar -configuration c:\Users\Dave\AppData\Roaming\Code\User\globalStorage\redhat.java\0.79.2\config_ss_win -data c:\Users\Dave\AppData\Roaming\Code\User\workspaceStorage\bfa1f3f3086b25534ee236a3ca9d10cd\redhat.java\ss_ws
java_class_path (initial): c:\Users\Dave\.vscode\extensions\redhat.java-0.79.2\server\plugins\org.eclipse.equinox.launcher_1.6.100.v20201223-0822.jar
Launcher Type: SUN_STANDARD

[Global flags]
    uintx AdaptiveSizePolicyWeight                 = 90                                        {product} {command line}
     bool BytecodeVerificationLocal                = false                                     {product} {command line}
     bool BytecodeVerificationRemote               = false                                     {product} {command line}
     intx CICompilerCount                          = 3                                         {product} {ergonomic}
    uintx GCTimeRatio                              = 4                                         {product} {command line}
   size_t InitialHeapSize                          = 104857600                                 {product} {command line}
   size_t MaxHeapSize                              = 1073741824                                {product} {command line}
   size_t MaxNewSize                               = 357564416                                 {product} {ergonomic}
   size_t MinHeapDeltaBytes                        = 524288                                    {product} {ergonomic}
   size_t NewSize                                  = 34603008                                  {product} {ergonomic}
    uintx NonNMethodCodeHeapSize                   = 5830732                                {pd product} {ergonomic}
    uintx NonProfiledCodeHeapSize                  = 122913754                              {pd product} {ergonomic}
   size_t OldSize                                  = 70254592                                  {product} {ergonomic}
    uintx ProfiledCodeHeapSize                     = 122913754                              {pd product} {ergonomic}
    uintx ReservedCodeCacheSize                    = 251658240                              {pd product} {ergonomic}
     bool SegmentedCodeCache                       = true                                      {product} {ergonomic}
     bool UseCompressedClassPointers               = true                                 {lp64_product} {ergonomic}
     bool UseCompressedOops                        = true                                 {lp64_product} {ergonomic}
     bool UseLargePagesIndividualAllocation        = false                                  {pd product} {ergonomic}
     bool UseParallelGC                            = true                                      {product} {command line}

Logging:
Log output configuration:
 #0: stdout all=warning uptime,level,tags
 #1: stderr all=off uptime,level,tags

Environment Variables:
PATH=D:\Program Files\Common Files\Oracle\Java\javapath;D:\Program Files (x86)\Common Files\Oracle\Java\javapath;C:\Python39\Scripts\;C:\Python39\;C:\Program Files (x86)\Common Files\Oracle\Java\javapath;C:\Windows\system32;C:\Windows;C:\Windows\System32\Wbem;C:\Windows\System32\WindowsPowerShell\v1.0\;C:\Windows\System32\OpenSSH\;D:\HashiCorp\Vagrant\bin;D:\Program Files\Git\cmd;D:\Program Files\nodejs\;C:\ProgramData\chocolatey\bin;D:\Program Files\PostgreSQL\13\bin;C:\Gradle\bin;D:\Program Files\Java\jdk-11.0.11\bin;D:\Program Files\dotnet\;D:\Programas\Ruby27-x64\bin;C:\Users\Dave\AppData\Local\Microsoft\WindowsApps;C:\Users\Dave\AppData\Local\Programs\Microsoft VS Code\bin;C:\Users\Dave\AppData\Roaming\npm;D:\Program Files\MongoDB\Server\4.4\bin;;D:\Program Files\JetBrains\IntelliJ IDEA Community Edition 2021.1\bin;;C:\Program Files (x86)\Nmap
USERNAME=Dave
OS=Windows_NT
PROCESSOR_IDENTIFIER=Intel64 Family 6 Model 158 Stepping 10, GenuineIntel



---------------  S Y S T E M  ---------------

OS: Windows 10 , 64 bit Build 19041 (10.0.19041.928)

CPU:total 6 (initial active 6) (6 cores per cpu, 1 threads per core) family 6 model 158 stepping 10 microcode 0xde, cmov, cx8, fxsr, mmx, sse, sse2, sse3, ssse3, sse4.1, sse4.2, popcnt, avx, avx2, aes, clmul, erms, 3dnowpref, lzcnt, tsc, tscinvbit, bmi1, bmi2, adx, fma

Memory: 4k page, system-wide physical 8134M (1329M free)
TotalPageFile size 16302M (AvailPageFile size 2220M)
current process WorkingSet (physical memory assigned to process): 151M, peak: 153M
current process commit charge ("private bytes"): 240M, peak: 248M

vm_info: Java HotSpot(TM) 64-Bit Server VM (11.0.11+9-LTS-194) for windows-amd64 JRE (11.0.11+9-LTS-194), built on Mar 18 2021 18:46:53 by "mach5one" with MS VC++ 15.9 (VS2017)

END.
