#
# There is insufficient memory for the Java Runtime Environment to continue.
# Native memory allocation (malloc) failed to allocate 1839056 bytes for Chunk::new
# Possible reasons:
#   The system is out of physical RAM or swap space
#   The process is running with CompressedOops enabled, and the Java Heap may be blocking the growth of the native heap
# Possible solutions:
#   Reduce memory load on the system
#   Increase physical memory or swap space
#   Check if swap backing store is full
#   Decrease Java heap size (-Xmx/-Xms)
#   Decrease number of Java threads
#   Decrease Java thread stack sizes (-Xss)
#   Set larger code cache with -XX:ReservedCodeCacheSize=
#   JVM is running with Unscaled Compressed Oops mode in which the Java heap is
#     placed in the first 4GB address space. The Java Heap base address is the
#     maximum limit for the native heap growth. Please use -XX:HeapBaseMinAddress
#     to set the Java Heap base and to place the Java Heap above 4GB virtual address.
# This output file may be truncated or incomplete.
#
#  Out of Memory Error (t:/workspace/open/src/hotspot/share/memory/arena.cpp:196), pid=12292, tid=5028
#
# JRE version: Java(TM) SE Runtime Environment (13.0.1+9) (build 13.0.1+9)
# Java VM: Java HotSpot(TM) 64-Bit Server VM (13.0.1+9, mixed mode, sharing, tiered, compressed oops, g1 gc, windows-amd64)
# No core dump will be written. Minidumps are not enabled by default on client versions of Windows
#

---------------  S U M M A R Y ------------

Command Line: --add-opens=java.base/java.util=ALL-UNNAMED --add-opens=java.base/java.lang=ALL-UNNAMED --add-opens=java.base/java.lang.invoke=ALL-UNNAMED --add-opens=java.prefs/java.util.prefs=ALL-UNNAMED -XX:MaxMetaspaceSize=256m -XX:+HeapDumpOnOutOfMemoryError -Xms256m -Xmx512m -Dfile.encoding=windows-1252 -Duser.country=CL -Duser.language=es -Duser.variant org.gradle.launcher.daemon.bootstrap.GradleDaemon 6.3

Host: Intel(R) Core(TM) i5-5200U CPU @ 2.20GHz, 4 cores, 3G,  Windows 10 , 64 bit Build 19041 (10.0.19041.928)
Time: Thu May 27 15:02:50 2021 Hora est. Sudamérica Pacífico elapsed time: 108 seconds (0d 0h 1m 48s)

---------------  T H R E A D  ---------------

Current thread (0x0000028d71238000):  JavaThread "C2 CompilerThread0" daemon [_thread_in_native, id=5028, stack(0x000000a647e00000,0x000000a647f00000)]


Current CompileTask:
C2: 108272 11112       4       org.objectweb.asm.ClassReader::readCode (5089 bytes)

Stack: [0x000000a647e00000,0x000000a647f00000]
Native frames: (J=compiled Java code, j=interpreted, Vv=VM code, C=native code)
V  [jvm.dll+0x626eca]
V  [jvm.dll+0x772c6a]
V  [jvm.dll+0x77441f]
V  [jvm.dll+0x774a23]
V  [jvm.dll+0x24da58]
V  [jvm.dll+0xc3ae7]
V  [jvm.dll+0xc406c]
V  [jvm.dll+0x35de18]
V  [jvm.dll+0x1a0e10]
V  [jvm.dll+0x2079d6]
V  [jvm.dll+0x206adf]
V  [jvm.dll+0x18b94c]
V  [jvm.dll+0x2159bd]
V  [jvm.dll+0x213e6b]
V  [jvm.dll+0x738b16]
V  [jvm.dll+0x731c0a]
V  [jvm.dll+0x6260c6]
C  [ucrtbase.dll+0x21bb2]
C  [KERNEL32.DLL+0x17034]
C  [ntdll.dll+0x52651]


---------------  P R O C E S S  ---------------

Threads class SMR info:
_java_thread_list=0x0000028d7441fa00, length=42, elements={
0x0000028d5442e800, 0x0000028d7120f800, 0x0000028d71215800, 0x0000028d71233000,
0x0000028d71236000, 0x0000028d71238000, 0x0000028d7123a000, 0x0000028d71bd5000,
0x0000028d71c91800, 0x0000028d71ca1000, 0x0000028d71d81000, 0x0000028d72a0f000,
0x0000028d726e6000, 0x0000028d72a2c000, 0x0000028d71c4c800, 0x0000028d71c4d000,
0x0000028d71c13000, 0x0000028d71e0a000, 0x0000028d71e0b000, 0x0000028d71c16800,
0x0000028d732d6000, 0x0000028d732d3800, 0x0000028d732d5000, 0x0000028d732d0800,
0x0000028d732d7000, 0x0000028d732d1000, 0x0000028d732d2800, 0x0000028d732d4800,
0x0000028d74a7f000, 0x0000028d74a80000, 0x0000028d74a7c800, 0x0000028d74a7e800,
0x0000028d74a7a000, 0x0000028d74a81000, 0x0000028d74a7b000, 0x0000028d74a81800,
0x0000028d74a7c000, 0x0000028d74a86800, 0x0000028d74a85800, 0x0000028d74a83000,
0x0000028d74a88000, 0x0000028d74a87800
}

Java Threads: ( => current thread )
  0x0000028d5442e800 JavaThread "main" [_thread_blocked, id=2516, stack(0x000000a647300000,0x000000a647400000)]
  0x0000028d7120f800 JavaThread "Reference Handler" daemon [_thread_blocked, id=11092, stack(0x000000a647a00000,0x000000a647b00000)]
  0x0000028d71215800 JavaThread "Finalizer" daemon [_thread_blocked, id=11536, stack(0x000000a647b00000,0x000000a647c00000)]
  0x0000028d71233000 JavaThread "Signal Dispatcher" daemon [_thread_blocked, id=11808, stack(0x000000a647c00000,0x000000a647d00000)]
  0x0000028d71236000 JavaThread "Attach Listener" daemon [_thread_blocked, id=3896, stack(0x000000a647d00000,0x000000a647e00000)]
=>0x0000028d71238000 JavaThread "C2 CompilerThread0" daemon [_thread_in_native, id=5028, stack(0x000000a647e00000,0x000000a647f00000)]
  0x0000028d7123a000 JavaThread "C1 CompilerThread0" daemon [_thread_blocked, id=912, stack(0x000000a647f00000,0x000000a648000000)]
  0x0000028d71bd5000 JavaThread "Sweeper thread" daemon [_thread_blocked, id=13256, stack(0x000000a648000000,0x000000a648100000)]
  0x0000028d71c91800 JavaThread "Common-Cleaner" daemon [_thread_blocked, id=1348, stack(0x000000a648100000,0x000000a648200000)]
  0x0000028d71ca1000 JavaThread "Service Thread" daemon [_thread_blocked, id=9324, stack(0x000000a648200000,0x000000a648300000)]
  0x0000028d71d81000 JavaThread "Daemon health stats" [_thread_blocked, id=10212, stack(0x000000a648700000,0x000000a648800000)]
  0x0000028d72a0f000 JavaThread "Incoming local TCP Connector on port 55325" [_thread_in_native, id=6388, stack(0x000000a648800000,0x000000a648900000)]
  0x0000028d726e6000 JavaThread "Daemon periodic checks" [_thread_blocked, id=456, stack(0x000000a648900000,0x000000a648a00000)]
  0x0000028d72a2c000 JavaThread "Daemon" [_thread_blocked, id=11932, stack(0x000000a648a00000,0x000000a648b00000)]
  0x0000028d71c4c800 JavaThread "Handler for socket connection from /127.0.0.1:55325 to /127.0.0.1:55326" [_thread_in_native, id=13092, stack(0x000000a648b00000,0x000000a648c00000)]
  0x0000028d71c4d000 JavaThread "Cancel handler" [_thread_blocked, id=5476, stack(0x000000a648c00000,0x000000a648d00000)]
  0x0000028d71c13000 JavaThread "Daemon worker" [_thread_in_native, id=12528, stack(0x000000a648d00000,0x000000a648e00000)]
  0x0000028d71e0a000 JavaThread "Asynchronous log dispatcher for DefaultDaemonConnection: socket connection from /127.0.0.1:55325 to /127.0.0.1:55326" [_thread_blocked, id=11660, stack(0x000000a648e00000,0x000000a648f00000)]
  0x0000028d71e0b000 JavaThread "Stdin handler" [_thread_blocked, id=12956, stack(0x000000a648f00000,0x000000a649000000)]
  0x0000028d71c16800 JavaThread "Thread-8" [_thread_blocked, id=11980, stack(0x000000a649000000,0x000000a649100000)]
  0x0000028d732d6000 JavaThread "Cache worker for journal cache (C:\Users\Martin\.gradle\caches\journal-1)" [_thread_blocked, id=5668, stack(0x000000a649100000,0x000000a649200000)]
  0x0000028d732d3800 JavaThread "File lock request listener" [_thread_in_native, id=1820, stack(0x000000a649200000,0x000000a649300000)]
  0x0000028d732d5000 JavaThread "Cache worker for file hash cache (C:\Users\Martin\.gradle\caches\6.3\fileHashes)" [_thread_blocked, id=2000, stack(0x000000a649300000,0x000000a649400000)]
  0x0000028d732d0800 JavaThread "Cache worker for checksums cache (C:\Users\Martin\Documents\TBD-lab\ejemplo-spring-1\.gradle\checksums)" [_thread_blocked, id=5320, stack(0x000000a649400000,0x000000a649500000)]
  0x0000028d732d7000 JavaThread "Cache worker for file hash cache (C:\Users\Martin\Documents\TBD-lab\ejemplo-spring-1\.gradle\6.3\fileHashes)" [_thread_blocked, id=12180, stack(0x000000a649500000,0x000000a649600000)]
  0x0000028d732d1000 JavaThread "Cache worker for cache directory md-supplier (C:\Users\Martin\.gradle\caches\6.3\md-supplier)" [_thread_blocked, id=2968, stack(0x000000a649700000,0x000000a649800000)]
  0x0000028d732d2800 JavaThread "Cache worker for cache directory md-rule (C:\Users\Martin\.gradle\caches\6.3\md-rule)" [_thread_blocked, id=11428, stack(0x000000a649800000,0x000000a649900000)]
  0x0000028d732d4800 JavaThread "Cache worker for execution history cache (C:\Users\Martin\.gradle\caches\6.3\executionHistory)" [_thread_blocked, id=12052, stack(0x000000a649900000,0x000000a649a00000)]
  0x0000028d74a7f000 JavaThread "Build operations" [_thread_blocked, id=12112, stack(0x000000a649a00000,0x000000a649b00000)]
  0x0000028d74a80000 JavaThread "Build operations Thread 2" [_thread_blocked, id=13116, stack(0x000000a649b00000,0x000000a649c00000)]
  0x0000028d74a7c800 JavaThread "Build operations Thread 3" [_thread_blocked, id=5276, stack(0x000000a649c00000,0x000000a649d00000)]
  0x0000028d74a7e800 JavaThread "Build operations Thread 4" [_thread_blocked, id=5620, stack(0x000000a649d00000,0x000000a649e00000)]
  0x0000028d74a7a000 JavaThread "Cache worker for Build Output Cleanup Cache (C:\Users\Martin\Documents\TBD-lab\ejemplo-spring-1\.gradle\buildOutputCleanup)" [_thread_blocked, id=2904, stack(0x000000a649e00000,0x000000a649f00000)]
  0x0000028d74a81000 JavaThread "Memory manager" [_thread_blocked, id=884, stack(0x000000a649f00000,0x000000a64a000000)]
  0x0000028d74a7b000 JavaThread "Cache worker for file content cache (C:\Users\Martin\.gradle\caches\6.3\fileContent)" [_thread_blocked, id=5900, stack(0x000000a64a000000,0x000000a64a100000)]
  0x0000028d74a81800 JavaThread "Cache worker for file content cache (C:\Users\Martin\Documents\TBD-lab\ejemplo-spring-1\.gradle\6.3\fileContent)" [_thread_blocked, id=10692, stack(0x000000a64a100000,0x000000a64a200000)]
  0x0000028d74a7c000 JavaThread "Execution worker for ':'" [_thread_blocked, id=9272, stack(0x000000a64a200000,0x000000a64a300000)]
  0x0000028d74a86800 JavaThread "Execution worker for ':' Thread 2" [_thread_blocked, id=13140, stack(0x000000a64a300000,0x000000a64a400000)]
  0x0000028d74a85800 JavaThread "Execution worker for ':' Thread 3" [_thread_blocked, id=11840, stack(0x000000a64a400000,0x000000a64a500000)]
  0x0000028d74a83000 JavaThread "Cache worker for execution history cache (C:\Users\Martin\Documents\TBD-lab\ejemplo-spring-1\.gradle\6.3\executionHistory)" [_thread_blocked, id=6740, stack(0x000000a64a500000,0x000000a64a600000)]
  0x0000028d74a88000 JavaThread "Cache worker for Java compile cache (C:\Users\Martin\.gradle\caches\6.3\javaCompile)" [_thread_blocked, id=2352, stack(0x000000a64a900000,0x000000a64aa00000)]
  0x0000028d74a87800 JavaThread "Cache worker for Java compile cache (C:\Users\Martin\Documents\TBD-lab\ejemplo-spring-1\.gradle\6.3\javaCompile)" [_thread_in_native, id=11272, stack(0x000000a649600000,0x000000a649700000)]

Other Threads:
  0x0000028d71209000 VMThread "VM Thread" [stack: 0x000000a647900000,0x000000a647a00000] [id=6020]
  0x0000028d71ca2800 WatcherThread [stack: 0x000000a648300000,0x000000a648400000] [id=1108]
  0x0000028d5644b800 GCTaskThread "GC Thread#0" [stack: 0x000000a647400000,0x000000a647500000] [id=13236]
  0x0000028d71dbf000 GCTaskThread "GC Thread#1" [stack: 0x000000a648400000,0x000000a648500000] [id=2380]
  0x0000028d71ea6000 GCTaskThread "GC Thread#2" [stack: 0x000000a648500000,0x000000a648600000] [id=3416]
  0x0000028d71f98800 GCTaskThread "GC Thread#3" [stack: 0x000000a648600000,0x000000a648700000] [id=7012]
  0x0000028d56451000 ConcurrentGCThread "G1 Main Marker" [stack: 0x000000a647500000,0x000000a647600000] [id=12776]
  0x0000028d56452800 ConcurrentGCThread "G1 Conc#0" [stack: 0x000000a647600000,0x000000a647700000] [id=6724]
  0x0000028d564fe000 ConcurrentGCThread "G1 Refine#0" [stack: 0x000000a647700000,0x000000a647800000] [id=3300]
  0x0000028d710c0800 ConcurrentGCThread "G1 Young RemSet Sampling" [stack: 0x000000a647800000,0x000000a647900000] [id=5004]

Threads with active compile tasks:
C2 CompilerThread0   108780 11112       4       org.objectweb.asm.ClassReader::readCode (5089 bytes)

VM state:not at safepoint (normal execution)

VM Mutex/Monitor currently owned by a thread: None

Heap address: 0x00000000e0000000, size: 512 MB, Compressed Oops mode: 32-bit
Narrow klass base: 0x0000000800000000, Narrow klass shift: 3
Compressed class space size: 260046848 Address: 0x0000000800b40000

Heap:
 garbage-first heap   total 262144K, used 88727K [0x00000000e0000000, 0x0000000100000000)
  region size 1024K, 35 young (35840K), 7 survivors (7168K)
 Metaspace       used 63259K, capacity 64667K, committed 64976K, reserved 311296K
  class space    used 8074K, capacity 8646K, committed 8780K, reserved 253952K
Heap Regions: E=young(eden), S=young(survivor), O=old, HS=humongous(starts), HC=humongous(continues), CS=collection set, F=free, A=archive, TAMS=top-at-mark-start (previous, next)
|   0|0x00000000e0000000, 0x00000000e0100000, 0x00000000e0100000|100%| O|  |TAMS 0x00000000e0100000, 0x00000000e0000000| Untracked 
|   1|0x00000000e0100000, 0x00000000e0200000, 0x00000000e0200000|100%| O|  |TAMS 0x00000000e0200000, 0x00000000e0100000| Untracked 
|   2|0x00000000e0200000, 0x00000000e0300000, 0x00000000e0300000|100%| O|  |TAMS 0x00000000e0300000, 0x00000000e0200000| Untracked 
|   3|0x00000000e0300000, 0x00000000e0400000, 0x00000000e0400000|100%|HS|  |TAMS 0x00000000e0400000, 0x00000000e0300000| Complete 
|   4|0x00000000e0400000, 0x00000000e0500000, 0x00000000e0500000|100%|HC|  |TAMS 0x00000000e0500000, 0x00000000e0400000| Complete 
|   5|0x00000000e0500000, 0x00000000e0600000, 0x00000000e0600000|100%|HC|  |TAMS 0x00000000e0600000, 0x00000000e0500000| Complete 
|   6|0x00000000e0600000, 0x00000000e0700000, 0x00000000e0700000|100%| O|  |TAMS 0x00000000e0700000, 0x00000000e0600000| Untracked 
|   7|0x00000000e0700000, 0x00000000e0800000, 0x00000000e0800000|100%| O|  |TAMS 0x00000000e0800000, 0x00000000e0700000| Untracked 
|   8|0x00000000e0800000, 0x00000000e0900000, 0x00000000e0900000|100%| O|  |TAMS 0x00000000e0900000, 0x00000000e0800000| Untracked 
|   9|0x00000000e0900000, 0x00000000e0a00000, 0x00000000e0a00000|100%| O|  |TAMS 0x00000000e0a00000, 0x00000000e0900000| Untracked 
|  10|0x00000000e0a00000, 0x00000000e0b00000, 0x00000000e0b00000|100%| O|  |TAMS 0x00000000e0b00000, 0x00000000e0a00000| Untracked 
|  11|0x00000000e0b00000, 0x00000000e0c00000, 0x00000000e0c00000|100%| O|  |TAMS 0x00000000e0c00000, 0x00000000e0b00000| Untracked 
|  12|0x00000000e0c00000, 0x00000000e0d00000, 0x00000000e0d00000|100%| O|  |TAMS 0x00000000e0d00000, 0x00000000e0c00000| Untracked 
|  13|0x00000000e0d00000, 0x00000000e0e00000, 0x00000000e0e00000|100%| O|  |TAMS 0x00000000e0e00000, 0x00000000e0d00000| Untracked 
|  14|0x00000000e0e00000, 0x00000000e0f00000, 0x00000000e0f00000|100%| O|  |TAMS 0x00000000e0f00000, 0x00000000e0e00000| Untracked 
|  15|0x00000000e0f00000, 0x00000000e1000000, 0x00000000e1000000|100%| O|  |TAMS 0x00000000e1000000, 0x00000000e0f00000| Untracked 
|  16|0x00000000e1000000, 0x00000000e1100000, 0x00000000e1100000|100%| O|  |TAMS 0x00000000e1100000, 0x00000000e1000000| Untracked 
|  17|0x00000000e1100000, 0x00000000e1200000, 0x00000000e1200000|100%| O|  |TAMS 0x00000000e1200000, 0x00000000e1100000| Untracked 
|  18|0x00000000e1200000, 0x00000000e1300000, 0x00000000e1300000|100%| O|  |TAMS 0x00000000e1300000, 0x00000000e1200000| Untracked 
|  19|0x00000000e1300000, 0x00000000e1400000, 0x00000000e1400000|100%| O|  |TAMS 0x00000000e1400000, 0x00000000e1300000| Untracked 
|  20|0x00000000e1400000, 0x00000000e1500000, 0x00000000e1500000|100%| O|  |TAMS 0x00000000e1500000, 0x00000000e1400000| Untracked 
|  21|0x00000000e1500000, 0x00000000e1600000, 0x00000000e1600000|100%| O|  |TAMS 0x00000000e1600000, 0x00000000e1500000| Untracked 
|  22|0x00000000e1600000, 0x00000000e1700000, 0x00000000e1700000|100%| O|  |TAMS 0x00000000e1700000, 0x00000000e1600000| Untracked 
|  23|0x00000000e1700000, 0x00000000e1800000, 0x00000000e1800000|100%| O|  |TAMS 0x00000000e1800000, 0x00000000e1700000| Untracked 
|  24|0x00000000e1800000, 0x00000000e1900000, 0x00000000e1900000|100%| O|  |TAMS 0x00000000e1900000, 0x00000000e1800000| Untracked 
|  25|0x00000000e1900000, 0x00000000e1a00000, 0x00000000e1a00000|100%| O|  |TAMS 0x00000000e1a00000, 0x00000000e1900000| Untracked 
|  26|0x00000000e1a00000, 0x00000000e1b00000, 0x00000000e1b00000|100%| O|  |TAMS 0x00000000e1b00000, 0x00000000e1a00000| Untracked 
|  27|0x00000000e1b00000, 0x00000000e1c00000, 0x00000000e1c00000|100%| O|  |TAMS 0x00000000e1c00000, 0x00000000e1b00000| Untracked 
|  28|0x00000000e1c00000, 0x00000000e1d00000, 0x00000000e1d00000|100%| O|  |TAMS 0x00000000e1d00000, 0x00000000e1c00000| Untracked 
|  29|0x00000000e1d00000, 0x00000000e1e00000, 0x00000000e1e00000|100%| O|  |TAMS 0x00000000e1e00000, 0x00000000e1d00000| Untracked 
|  30|0x00000000e1e00000, 0x00000000e1f00000, 0x00000000e1f00000|100%| O|  |TAMS 0x00000000e1f00000, 0x00000000e1e00000| Untracked 
|  31|0x00000000e1f00000, 0x00000000e2000000, 0x00000000e2000000|100%| O|  |TAMS 0x00000000e2000000, 0x00000000e1f00000| Untracked 
|  32|0x00000000e2000000, 0x00000000e2100000, 0x00000000e2100000|100%| O|  |TAMS 0x00000000e2100000, 0x00000000e2000000| Untracked 
|  33|0x00000000e2100000, 0x00000000e2200000, 0x00000000e2200000|100%| O|  |TAMS 0x00000000e2200000, 0x00000000e2100000| Untracked 
|  34|0x00000000e2200000, 0x00000000e2300000, 0x00000000e2300000|100%| O|  |TAMS 0x00000000e2300000, 0x00000000e2200000| Untracked 
|  35|0x00000000e2300000, 0x00000000e2400000, 0x00000000e2400000|100%| O|  |TAMS 0x00000000e2400000, 0x00000000e2300000| Untracked 
|  36|0x00000000e2400000, 0x00000000e2500000, 0x00000000e2500000|100%| O|  |TAMS 0x00000000e2500000, 0x00000000e2400000| Untracked 
|  37|0x00000000e2500000, 0x00000000e2600000, 0x00000000e2600000|100%| O|  |TAMS 0x00000000e2600000, 0x00000000e2500000| Untracked 
|  38|0x00000000e2600000, 0x00000000e2700000, 0x00000000e2700000|100%| O|  |TAMS 0x00000000e2700000, 0x00000000e2600000| Untracked 
|  39|0x00000000e2700000, 0x00000000e2800000, 0x00000000e2800000|100%| O|  |TAMS 0x00000000e2800000, 0x00000000e2700000| Untracked 
|  40|0x00000000e2800000, 0x00000000e2900000, 0x00000000e2900000|100%| O|  |TAMS 0x00000000e2900000, 0x00000000e2800000| Untracked 
|  41|0x00000000e2900000, 0x00000000e2a00000, 0x00000000e2a00000|100%| O|  |TAMS 0x00000000e2900000, 0x00000000e2900000| Untracked 
|  42|0x00000000e2a00000, 0x00000000e2b00000, 0x00000000e2b00000|100%| O|  |TAMS 0x00000000e2a00000, 0x00000000e2a00000| Untracked 
|  43|0x00000000e2b00000, 0x00000000e2c00000, 0x00000000e2c00000|100%| O|  |TAMS 0x00000000e2b00000, 0x00000000e2b00000| Untracked 
|  44|0x00000000e2c00000, 0x00000000e2d00000, 0x00000000e2d00000|100%| O|  |TAMS 0x00000000e2c00000, 0x00000000e2c00000| Untracked 
|  45|0x00000000e2d00000, 0x00000000e2e00000, 0x00000000e2e00000|100%| O|  |TAMS 0x00000000e2d00000, 0x00000000e2d00000| Untracked 
|  46|0x00000000e2e00000, 0x00000000e2f00000, 0x00000000e2f00000|100%| O|  |TAMS 0x00000000e2e00000, 0x00000000e2e00000| Untracked 
|  47|0x00000000e2f00000, 0x00000000e3000000, 0x00000000e3000000|100%| O|  |TAMS 0x00000000e2f00000, 0x00000000e2f00000| Untracked 
|  48|0x00000000e3000000, 0x00000000e3100000, 0x00000000e3100000|100%| O|  |TAMS 0x00000000e3000000, 0x00000000e3000000| Untracked 
|  49|0x00000000e3100000, 0x00000000e3200000, 0x00000000e3200000|100%| O|  |TAMS 0x00000000e3100000, 0x00000000e3100000| Untracked 
|  50|0x00000000e3200000, 0x00000000e3300000, 0x00000000e3300000|100%| O|  |TAMS 0x00000000e3200000, 0x00000000e3200000| Untracked 
|  51|0x00000000e3300000, 0x00000000e3400000, 0x00000000e3400000|100%| O|  |TAMS 0x00000000e3300000, 0x00000000e3300000| Untracked 
|  52|0x00000000e3400000, 0x00000000e34a5c00, 0x00000000e3500000| 64%| O|  |TAMS 0x00000000e3400000, 0x00000000e3400000| Untracked 
|  53|0x00000000e3500000, 0x00000000e3500000, 0x00000000e3600000|  0%| F|  |TAMS 0x00000000e3500000, 0x00000000e3500000| Untracked 
|  54|0x00000000e3600000, 0x00000000e3600000, 0x00000000e3700000|  0%| F|  |TAMS 0x00000000e3600000, 0x00000000e3600000| Untracked 
|  55|0x00000000e3700000, 0x00000000e3700000, 0x00000000e3800000|  0%| F|  |TAMS 0x00000000e3700000, 0x00000000e3700000| Untracked 
|  56|0x00000000e3800000, 0x00000000e3800000, 0x00000000e3900000|  0%| F|  |TAMS 0x00000000e3800000, 0x00000000e3800000| Untracked 
|  57|0x00000000e3900000, 0x00000000e3900000, 0x00000000e3a00000|  0%| F|  |TAMS 0x00000000e3900000, 0x00000000e3900000| Untracked 
|  58|0x00000000e3a00000, 0x00000000e3a00000, 0x00000000e3b00000|  0%| F|  |TAMS 0x00000000e3a00000, 0x00000000e3a00000| Untracked 
|  59|0x00000000e3b00000, 0x00000000e3b00000, 0x00000000e3c00000|  0%| F|  |TAMS 0x00000000e3b00000, 0x00000000e3b00000| Untracked 
|  60|0x00000000e3c00000, 0x00000000e3c00000, 0x00000000e3d00000|  0%| F|  |TAMS 0x00000000e3c00000, 0x00000000e3c00000| Untracked 
|  61|0x00000000e3d00000, 0x00000000e3d00000, 0x00000000e3e00000|  0%| F|  |TAMS 0x00000000e3d00000, 0x00000000e3d00000| Untracked 
|  62|0x00000000e3e00000, 0x00000000e3e00000, 0x00000000e3f00000|  0%| F|  |TAMS 0x00000000e3e00000, 0x00000000e3e00000| Untracked 
|  63|0x00000000e3f00000, 0x00000000e3f00000, 0x00000000e4000000|  0%| F|  |TAMS 0x00000000e3f00000, 0x00000000e3f00000| Untracked 
|  64|0x00000000e4000000, 0x00000000e4000000, 0x00000000e4100000|  0%| F|  |TAMS 0x00000000e4000000, 0x00000000e4000000| Untracked 
|  65|0x00000000e4100000, 0x00000000e4100000, 0x00000000e4200000|  0%| F|  |TAMS 0x00000000e4100000, 0x00000000e4100000| Untracked 
|  66|0x00000000e4200000, 0x00000000e4200000, 0x00000000e4300000|  0%| F|  |TAMS 0x00000000e4200000, 0x00000000e4200000| Untracked 
|  67|0x00000000e4300000, 0x00000000e4300000, 0x00000000e4400000|  0%| F|  |TAMS 0x00000000e4300000, 0x00000000e4300000| Untracked 
|  68|0x00000000e4400000, 0x00000000e4400000, 0x00000000e4500000|  0%| F|  |TAMS 0x00000000e4400000, 0x00000000e4400000| Untracked 
|  69|0x00000000e4500000, 0x00000000e4500000, 0x00000000e4600000|  0%| F|  |TAMS 0x00000000e4500000, 0x00000000e4500000| Untracked 
|  70|0x00000000e4600000, 0x00000000e4600000, 0x00000000e4700000|  0%| F|  |TAMS 0x00000000e4600000, 0x00000000e4600000| Untracked 
|  71|0x00000000e4700000, 0x00000000e4700000, 0x00000000e4800000|  0%| F|  |TAMS 0x00000000e4700000, 0x00000000e4700000| Untracked 
|  72|0x00000000e4800000, 0x00000000e4800000, 0x00000000e4900000|  0%| F|  |TAMS 0x00000000e4800000, 0x00000000e4800000| Untracked 
|  73|0x00000000e4900000, 0x00000000e4900000, 0x00000000e4a00000|  0%| F|  |TAMS 0x00000000e4900000, 0x00000000e4900000| Untracked 
|  74|0x00000000e4a00000, 0x00000000e4a00000, 0x00000000e4b00000|  0%| F|  |TAMS 0x00000000e4a00000, 0x00000000e4a00000| Untracked 
|  75|0x00000000e4b00000, 0x00000000e4b00000, 0x00000000e4c00000|  0%| F|  |TAMS 0x00000000e4b00000, 0x00000000e4b00000| Untracked 
|  76|0x00000000e4c00000, 0x00000000e4c00000, 0x00000000e4d00000|  0%| F|  |TAMS 0x00000000e4c00000, 0x00000000e4c00000| Untracked 
|  77|0x00000000e4d00000, 0x00000000e4d00000, 0x00000000e4e00000|  0%| F|  |TAMS 0x00000000e4d00000, 0x00000000e4d00000| Untracked 
|  78|0x00000000e4e00000, 0x00000000e4e00000, 0x00000000e4f00000|  0%| F|  |TAMS 0x00000000e4e00000, 0x00000000e4e00000| Untracked 
|  79|0x00000000e4f00000, 0x00000000e4f00000, 0x00000000e5000000|  0%| F|  |TAMS 0x00000000e4f00000, 0x00000000e4f00000| Untracked 
|  80|0x00000000e5000000, 0x00000000e5000000, 0x00000000e5100000|  0%| F|  |TAMS 0x00000000e5000000, 0x00000000e5000000| Untracked 
|  81|0x00000000e5100000, 0x00000000e5100000, 0x00000000e5200000|  0%| F|  |TAMS 0x00000000e5100000, 0x00000000e5100000| Untracked 
|  82|0x00000000e5200000, 0x00000000e5200000, 0x00000000e5300000|  0%| F|  |TAMS 0x00000000e5200000, 0x00000000e5200000| Untracked 
|  83|0x00000000e5300000, 0x00000000e5300000, 0x00000000e5400000|  0%| F|  |TAMS 0x00000000e5300000, 0x00000000e5300000| Untracked 
|  84|0x00000000e5400000, 0x00000000e5400000, 0x00000000e5500000|  0%| F|  |TAMS 0x00000000e5400000, 0x00000000e5400000| Untracked 
|  85|0x00000000e5500000, 0x00000000e5500000, 0x00000000e5600000|  0%| F|  |TAMS 0x00000000e5500000, 0x00000000e5500000| Untracked 
|  86|0x00000000e5600000, 0x00000000e5600000, 0x00000000e5700000|  0%| F|  |TAMS 0x00000000e5600000, 0x00000000e5600000| Untracked 
|  87|0x00000000e5700000, 0x00000000e5700000, 0x00000000e5800000|  0%| F|  |TAMS 0x00000000e5700000, 0x00000000e5700000| Untracked 
|  88|0x00000000e5800000, 0x00000000e5800000, 0x00000000e5900000|  0%| F|  |TAMS 0x00000000e5800000, 0x00000000e5800000| Untracked 
|  89|0x00000000e5900000, 0x00000000e5900000, 0x00000000e5a00000|  0%| F|  |TAMS 0x00000000e5900000, 0x00000000e5900000| Untracked 
|  90|0x00000000e5a00000, 0x00000000e5a00000, 0x00000000e5b00000|  0%| F|  |TAMS 0x00000000e5a00000, 0x00000000e5a00000| Untracked 
|  91|0x00000000e5b00000, 0x00000000e5b00000, 0x00000000e5c00000|  0%| F|  |TAMS 0x00000000e5b00000, 0x00000000e5b00000| Untracked 
|  92|0x00000000e5c00000, 0x00000000e5c00000, 0x00000000e5d00000|  0%| F|  |TAMS 0x00000000e5c00000, 0x00000000e5c00000| Untracked 
|  93|0x00000000e5d00000, 0x00000000e5d00000, 0x00000000e5e00000|  0%| F|  |TAMS 0x00000000e5d00000, 0x00000000e5d00000| Untracked 
|  94|0x00000000e5e00000, 0x00000000e5e00000, 0x00000000e5f00000|  0%| F|  |TAMS 0x00000000e5e00000, 0x00000000e5e00000| Untracked 
|  95|0x00000000e5f00000, 0x00000000e5f00000, 0x00000000e6000000|  0%| F|  |TAMS 0x00000000e5f00000, 0x00000000e5f00000| Untracked 
|  96|0x00000000e6000000, 0x00000000e6000000, 0x00000000e6100000|  0%| F|  |TAMS 0x00000000e6000000, 0x00000000e6000000| Untracked 
|  97|0x00000000e6100000, 0x00000000e6100000, 0x00000000e6200000|  0%| F|  |TAMS 0x00000000e6100000, 0x00000000e6100000| Untracked 
|  98|0x00000000e6200000, 0x00000000e6200000, 0x00000000e6300000|  0%| F|  |TAMS 0x00000000e6200000, 0x00000000e6200000| Untracked 
|  99|0x00000000e6300000, 0x00000000e6300000, 0x00000000e6400000|  0%| F|  |TAMS 0x00000000e6300000, 0x00000000e6300000| Untracked 
| 100|0x00000000e6400000, 0x00000000e6400000, 0x00000000e6500000|  0%| F|  |TAMS 0x00000000e6400000, 0x00000000e6400000| Untracked 
| 101|0x00000000e6500000, 0x00000000e6500000, 0x00000000e6600000|  0%| F|  |TAMS 0x00000000e6500000, 0x00000000e6500000| Untracked 
| 102|0x00000000e6600000, 0x00000000e6600000, 0x00000000e6700000|  0%| F|  |TAMS 0x00000000e6600000, 0x00000000e6600000| Untracked 
| 103|0x00000000e6700000, 0x00000000e6700000, 0x00000000e6800000|  0%| F|  |TAMS 0x00000000e6700000, 0x00000000e6700000| Untracked 
| 104|0x00000000e6800000, 0x00000000e6800000, 0x00000000e6900000|  0%| F|  |TAMS 0x00000000e6800000, 0x00000000e6800000| Untracked 
| 105|0x00000000e6900000, 0x00000000e6900000, 0x00000000e6a00000|  0%| F|  |TAMS 0x00000000e6900000, 0x00000000e6900000| Untracked 
| 106|0x00000000e6a00000, 0x00000000e6a00000, 0x00000000e6b00000|  0%| F|  |TAMS 0x00000000e6a00000, 0x00000000e6a00000| Untracked 
| 107|0x00000000e6b00000, 0x00000000e6b00000, 0x00000000e6c00000|  0%| F|  |TAMS 0x00000000e6b00000, 0x00000000e6b00000| Untracked 
| 108|0x00000000e6c00000, 0x00000000e6c00000, 0x00000000e6d00000|  0%| F|  |TAMS 0x00000000e6c00000, 0x00000000e6c00000| Untracked 
| 109|0x00000000e6d00000, 0x00000000e6d00000, 0x00000000e6e00000|  0%| F|  |TAMS 0x00000000e6d00000, 0x00000000e6d00000| Untracked 
| 110|0x00000000e6e00000, 0x00000000e6e00000, 0x00000000e6f00000|  0%| F|  |TAMS 0x00000000e6e00000, 0x00000000e6e00000| Untracked 
| 111|0x00000000e6f00000, 0x00000000e6f00000, 0x00000000e7000000|  0%| F|  |TAMS 0x00000000e6f00000, 0x00000000e6f00000| Untracked 
| 112|0x00000000e7000000, 0x00000000e7000000, 0x00000000e7100000|  0%| F|  |TAMS 0x00000000e7000000, 0x00000000e7000000| Untracked 
| 113|0x00000000e7100000, 0x00000000e7100000, 0x00000000e7200000|  0%| F|  |TAMS 0x00000000e7100000, 0x00000000e7100000| Untracked 
| 114|0x00000000e7200000, 0x00000000e7300000, 0x00000000e7300000|100%| S|CS|TAMS 0x00000000e7200000, 0x00000000e7200000| Complete 
| 115|0x00000000e7300000, 0x00000000e7400000, 0x00000000e7400000|100%| S|CS|TAMS 0x00000000e7300000, 0x00000000e7300000| Complete 
| 116|0x00000000e7400000, 0x00000000e7500000, 0x00000000e7500000|100%| S|CS|TAMS 0x00000000e7400000, 0x00000000e7400000| Complete 
| 117|0x00000000e7500000, 0x00000000e7600000, 0x00000000e7600000|100%| S|CS|TAMS 0x00000000e7500000, 0x00000000e7500000| Complete 
| 118|0x00000000e7600000, 0x00000000e7700000, 0x00000000e7700000|100%| S|CS|TAMS 0x00000000e7600000, 0x00000000e7600000| Complete 
| 119|0x00000000e7700000, 0x00000000e7800000, 0x00000000e7800000|100%| S|CS|TAMS 0x00000000e7700000, 0x00000000e7700000| Complete 
| 120|0x00000000e7800000, 0x00000000e7900000, 0x00000000e7900000|100%| S|CS|TAMS 0x00000000e7800000, 0x00000000e7800000| Complete 
| 121|0x00000000e7900000, 0x00000000e7900000, 0x00000000e7a00000|  0%| F|  |TAMS 0x00000000e7900000, 0x00000000e7900000| Untracked 
| 122|0x00000000e7a00000, 0x00000000e7a00000, 0x00000000e7b00000|  0%| F|  |TAMS 0x00000000e7a00000, 0x00000000e7a00000| Untracked 
| 123|0x00000000e7b00000, 0x00000000e7b00000, 0x00000000e7c00000|  0%| F|  |TAMS 0x00000000e7b00000, 0x00000000e7b00000| Untracked 
| 124|0x00000000e7c00000, 0x00000000e7c00000, 0x00000000e7d00000|  0%| F|  |TAMS 0x00000000e7c00000, 0x00000000e7c00000| Untracked 
| 125|0x00000000e7d00000, 0x00000000e7d00000, 0x00000000e7e00000|  0%| F|  |TAMS 0x00000000e7d00000, 0x00000000e7d00000| Untracked 
| 126|0x00000000e7e00000, 0x00000000e7e00000, 0x00000000e7f00000|  0%| F|  |TAMS 0x00000000e7e00000, 0x00000000e7e00000| Untracked 
| 127|0x00000000e7f00000, 0x00000000e7f00000, 0x00000000e8000000|  0%| F|  |TAMS 0x00000000e7f00000, 0x00000000e7f00000| Untracked 
| 128|0x00000000e8000000, 0x00000000e8000000, 0x00000000e8100000|  0%| F|  |TAMS 0x00000000e8000000, 0x00000000e8000000| Untracked 
| 129|0x00000000e8100000, 0x00000000e8100000, 0x00000000e8200000|  0%| F|  |TAMS 0x00000000e8100000, 0x00000000e8100000| Untracked 
| 130|0x00000000e8200000, 0x00000000e8200000, 0x00000000e8300000|  0%| F|  |TAMS 0x00000000e8200000, 0x00000000e8200000| Untracked 
| 131|0x00000000e8300000, 0x00000000e8300000, 0x00000000e8400000|  0%| F|  |TAMS 0x00000000e8300000, 0x00000000e8300000| Untracked 
| 132|0x00000000e8400000, 0x00000000e8400000, 0x00000000e8500000|  0%| F|  |TAMS 0x00000000e8400000, 0x00000000e8400000| Untracked 
| 133|0x00000000e8500000, 0x00000000e8500000, 0x00000000e8600000|  0%| F|  |TAMS 0x00000000e8500000, 0x00000000e8500000| Untracked 
| 134|0x00000000e8600000, 0x00000000e8600000, 0x00000000e8700000|  0%| F|  |TAMS 0x00000000e8600000, 0x00000000e8600000| Untracked 
| 135|0x00000000e8700000, 0x00000000e8700000, 0x00000000e8800000|  0%| F|  |TAMS 0x00000000e8700000, 0x00000000e8700000| Untracked 
| 136|0x00000000e8800000, 0x00000000e8800000, 0x00000000e8900000|  0%| F|  |TAMS 0x00000000e8800000, 0x00000000e8800000| Untracked 
| 137|0x00000000e8900000, 0x00000000e8900000, 0x00000000e8a00000|  0%| F|  |TAMS 0x00000000e8900000, 0x00000000e8900000| Untracked 
| 138|0x00000000e8a00000, 0x00000000e8a00000, 0x00000000e8b00000|  0%| F|  |TAMS 0x00000000e8a00000, 0x00000000e8a00000| Untracked 
| 139|0x00000000e8b00000, 0x00000000e8b00000, 0x00000000e8c00000|  0%| F|  |TAMS 0x00000000e8b00000, 0x00000000e8b00000| Untracked 
| 140|0x00000000e8c00000, 0x00000000e8c00000, 0x00000000e8d00000|  0%| F|  |TAMS 0x00000000e8c00000, 0x00000000e8c00000| Untracked 
| 141|0x00000000e8d00000, 0x00000000e8d00000, 0x00000000e8e00000|  0%| F|  |TAMS 0x00000000e8d00000, 0x00000000e8d00000| Untracked 
| 142|0x00000000e8e00000, 0x00000000e8e00000, 0x00000000e8f00000|  0%| F|  |TAMS 0x00000000e8e00000, 0x00000000e8e00000| Untracked 
| 143|0x00000000e8f00000, 0x00000000e8f00000, 0x00000000e9000000|  0%| F|  |TAMS 0x00000000e8f00000, 0x00000000e8f00000| Untracked 
| 144|0x00000000e9000000, 0x00000000e9000000, 0x00000000e9100000|  0%| F|  |TAMS 0x00000000e9000000, 0x00000000e9000000| Untracked 
| 145|0x00000000e9100000, 0x00000000e9100000, 0x00000000e9200000|  0%| F|  |TAMS 0x00000000e9100000, 0x00000000e9100000| Untracked 
| 146|0x00000000e9200000, 0x00000000e9200000, 0x00000000e9300000|  0%| F|  |TAMS 0x00000000e9200000, 0x00000000e9200000| Untracked 
| 147|0x00000000e9300000, 0x00000000e9300000, 0x00000000e9400000|  0%| F|  |TAMS 0x00000000e9300000, 0x00000000e9300000| Untracked 
| 148|0x00000000e9400000, 0x00000000e9400000, 0x00000000e9500000|  0%| F|  |TAMS 0x00000000e9400000, 0x00000000e9400000| Untracked 
| 149|0x00000000e9500000, 0x00000000e9500000, 0x00000000e9600000|  0%| F|  |TAMS 0x00000000e9500000, 0x00000000e9500000| Untracked 
| 150|0x00000000e9600000, 0x00000000e9600000, 0x00000000e9700000|  0%| F|  |TAMS 0x00000000e9600000, 0x00000000e9600000| Untracked 
| 151|0x00000000e9700000, 0x00000000e9700000, 0x00000000e9800000|  0%| F|  |TAMS 0x00000000e9700000, 0x00000000e9700000| Untracked 
| 152|0x00000000e9800000, 0x00000000e9800000, 0x00000000e9900000|  0%| F|  |TAMS 0x00000000e9800000, 0x00000000e9800000| Untracked 
| 153|0x00000000e9900000, 0x00000000e9900000, 0x00000000e9a00000|  0%| F|  |TAMS 0x00000000e9900000, 0x00000000e9900000| Untracked 
| 154|0x00000000e9a00000, 0x00000000e9a00000, 0x00000000e9b00000|  0%| F|  |TAMS 0x00000000e9a00000, 0x00000000e9a00000| Untracked 
| 155|0x00000000e9b00000, 0x00000000e9b00000, 0x00000000e9c00000|  0%| F|  |TAMS 0x00000000e9b00000, 0x00000000e9b00000| Untracked 
| 156|0x00000000e9c00000, 0x00000000e9c00000, 0x00000000e9d00000|  0%| F|  |TAMS 0x00000000e9c00000, 0x00000000e9c00000| Untracked 
| 157|0x00000000e9d00000, 0x00000000e9d00000, 0x00000000e9e00000|  0%| F|  |TAMS 0x00000000e9d00000, 0x00000000e9d00000| Untracked 
| 158|0x00000000e9e00000, 0x00000000e9e00000, 0x00000000e9f00000|  0%| F|  |TAMS 0x00000000e9e00000, 0x00000000e9e00000| Untracked 
| 159|0x00000000e9f00000, 0x00000000e9f00000, 0x00000000ea000000|  0%| F|  |TAMS 0x00000000e9f00000, 0x00000000e9f00000| Untracked 
| 160|0x00000000ea000000, 0x00000000ea000000, 0x00000000ea100000|  0%| F|  |TAMS 0x00000000ea000000, 0x00000000ea000000| Untracked 
| 161|0x00000000ea100000, 0x00000000ea100000, 0x00000000ea200000|  0%| F|  |TAMS 0x00000000ea100000, 0x00000000ea100000| Untracked 
| 162|0x00000000ea200000, 0x00000000ea200000, 0x00000000ea300000|  0%| F|  |TAMS 0x00000000ea200000, 0x00000000ea200000| Untracked 
| 163|0x00000000ea300000, 0x00000000ea300000, 0x00000000ea400000|  0%| F|  |TAMS 0x00000000ea300000, 0x00000000ea300000| Untracked 
| 164|0x00000000ea400000, 0x00000000ea400000, 0x00000000ea500000|  0%| F|  |TAMS 0x00000000ea400000, 0x00000000ea400000| Untracked 
| 165|0x00000000ea500000, 0x00000000ea500000, 0x00000000ea600000|  0%| F|  |TAMS 0x00000000ea500000, 0x00000000ea500000| Untracked 
| 166|0x00000000ea600000, 0x00000000ea600000, 0x00000000ea700000|  0%| F|  |TAMS 0x00000000ea600000, 0x00000000ea600000| Untracked 
| 167|0x00000000ea700000, 0x00000000ea700000, 0x00000000ea800000|  0%| F|  |TAMS 0x00000000ea700000, 0x00000000ea700000| Untracked 
| 168|0x00000000ea800000, 0x00000000ea800000, 0x00000000ea900000|  0%| F|  |TAMS 0x00000000ea800000, 0x00000000ea800000| Untracked 
| 169|0x00000000ea900000, 0x00000000ea900000, 0x00000000eaa00000|  0%| F|  |TAMS 0x00000000ea900000, 0x00000000ea900000| Untracked 
| 170|0x00000000eaa00000, 0x00000000eaa00000, 0x00000000eab00000|  0%| F|  |TAMS 0x00000000eaa00000, 0x00000000eaa00000| Untracked 
| 171|0x00000000eab00000, 0x00000000eab00000, 0x00000000eac00000|  0%| F|  |TAMS 0x00000000eab00000, 0x00000000eab00000| Untracked 
| 172|0x00000000eac00000, 0x00000000eac00000, 0x00000000ead00000|  0%| F|  |TAMS 0x00000000eac00000, 0x00000000eac00000| Untracked 
| 173|0x00000000ead00000, 0x00000000ead00000, 0x00000000eae00000|  0%| F|  |TAMS 0x00000000ead00000, 0x00000000ead00000| Untracked 
| 174|0x00000000eae00000, 0x00000000eae00000, 0x00000000eaf00000|  0%| F|  |TAMS 0x00000000eae00000, 0x00000000eae00000| Untracked 
| 175|0x00000000eaf00000, 0x00000000eaf00000, 0x00000000eb000000|  0%| F|  |TAMS 0x00000000eaf00000, 0x00000000eaf00000| Untracked 
| 176|0x00000000eb000000, 0x00000000eb000000, 0x00000000eb100000|  0%| F|  |TAMS 0x00000000eb000000, 0x00000000eb000000| Untracked 
| 177|0x00000000eb100000, 0x00000000eb100000, 0x00000000eb200000|  0%| F|  |TAMS 0x00000000eb100000, 0x00000000eb100000| Untracked 
| 178|0x00000000eb200000, 0x00000000eb200000, 0x00000000eb300000|  0%| F|  |TAMS 0x00000000eb200000, 0x00000000eb200000| Untracked 
| 179|0x00000000eb300000, 0x00000000eb300000, 0x00000000eb400000|  0%| F|  |TAMS 0x00000000eb300000, 0x00000000eb300000| Untracked 
| 180|0x00000000eb400000, 0x00000000eb400000, 0x00000000eb500000|  0%| F|  |TAMS 0x00000000eb400000, 0x00000000eb400000| Untracked 
| 181|0x00000000eb500000, 0x00000000eb500000, 0x00000000eb600000|  0%| F|  |TAMS 0x00000000eb500000, 0x00000000eb500000| Untracked 
| 182|0x00000000eb600000, 0x00000000eb600000, 0x00000000eb700000|  0%| F|  |TAMS 0x00000000eb600000, 0x00000000eb600000| Untracked 
| 183|0x00000000eb700000, 0x00000000eb700000, 0x00000000eb800000|  0%| F|  |TAMS 0x00000000eb700000, 0x00000000eb700000| Untracked 
| 184|0x00000000eb800000, 0x00000000eb800000, 0x00000000eb900000|  0%| F|  |TAMS 0x00000000eb800000, 0x00000000eb800000| Untracked 
| 185|0x00000000eb900000, 0x00000000eb900000, 0x00000000eba00000|  0%| F|  |TAMS 0x00000000eb900000, 0x00000000eb900000| Untracked 
| 186|0x00000000eba00000, 0x00000000eba00000, 0x00000000ebb00000|  0%| F|  |TAMS 0x00000000eba00000, 0x00000000eba00000| Untracked 
| 187|0x00000000ebb00000, 0x00000000ebb00000, 0x00000000ebc00000|  0%| F|  |TAMS 0x00000000ebb00000, 0x00000000ebb00000| Untracked 
| 188|0x00000000ebc00000, 0x00000000ebc00000, 0x00000000ebd00000|  0%| F|  |TAMS 0x00000000ebc00000, 0x00000000ebc00000| Untracked 
| 189|0x00000000ebd00000, 0x00000000ebd00000, 0x00000000ebe00000|  0%| F|  |TAMS 0x00000000ebd00000, 0x00000000ebd00000| Untracked 
| 190|0x00000000ebe00000, 0x00000000ebe00000, 0x00000000ebf00000|  0%| F|  |TAMS 0x00000000ebe00000, 0x00000000ebe00000| Untracked 
| 191|0x00000000ebf00000, 0x00000000ebf00000, 0x00000000ec000000|  0%| F|  |TAMS 0x00000000ebf00000, 0x00000000ebf00000| Untracked 
| 192|0x00000000ec000000, 0x00000000ec000000, 0x00000000ec100000|  0%| F|  |TAMS 0x00000000ec000000, 0x00000000ec000000| Untracked 
| 193|0x00000000ec100000, 0x00000000ec100000, 0x00000000ec200000|  0%| F|  |TAMS 0x00000000ec100000, 0x00000000ec100000| Untracked 
| 194|0x00000000ec200000, 0x00000000ec200000, 0x00000000ec300000|  0%| F|  |TAMS 0x00000000ec200000, 0x00000000ec200000| Untracked 
| 195|0x00000000ec300000, 0x00000000ec300000, 0x00000000ec400000|  0%| F|  |TAMS 0x00000000ec300000, 0x00000000ec300000| Untracked 
| 196|0x00000000ec400000, 0x00000000ec400000, 0x00000000ec500000|  0%| F|  |TAMS 0x00000000ec400000, 0x00000000ec400000| Untracked 
| 197|0x00000000ec500000, 0x00000000ec500000, 0x00000000ec600000|  0%| F|  |TAMS 0x00000000ec500000, 0x00000000ec500000| Untracked 
| 198|0x00000000ec600000, 0x00000000ec600000, 0x00000000ec700000|  0%| F|  |TAMS 0x00000000ec600000, 0x00000000ec600000| Untracked 
| 199|0x00000000ec700000, 0x00000000ec700000, 0x00000000ec800000|  0%| F|  |TAMS 0x00000000ec700000, 0x00000000ec700000| Untracked 
| 200|0x00000000ec800000, 0x00000000ec800000, 0x00000000ec900000|  0%| F|  |TAMS 0x00000000ec800000, 0x00000000ec800000| Untracked 
| 201|0x00000000ec900000, 0x00000000ec900000, 0x00000000eca00000|  0%| F|  |TAMS 0x00000000ec900000, 0x00000000ec900000| Untracked 
| 202|0x00000000eca00000, 0x00000000eca00000, 0x00000000ecb00000|  0%| F|  |TAMS 0x00000000eca00000, 0x00000000eca00000| Untracked 
| 203|0x00000000ecb00000, 0x00000000ecb00000, 0x00000000ecc00000|  0%| F|  |TAMS 0x00000000ecb00000, 0x00000000ecb00000| Untracked 
| 204|0x00000000ecc00000, 0x00000000ecc00000, 0x00000000ecd00000|  0%| F|  |TAMS 0x00000000ecc00000, 0x00000000ecc00000| Untracked 
| 205|0x00000000ecd00000, 0x00000000ecd00000, 0x00000000ece00000|  0%| F|  |TAMS 0x00000000ecd00000, 0x00000000ecd00000| Untracked 
| 206|0x00000000ece00000, 0x00000000ece00000, 0x00000000ecf00000|  0%| F|  |TAMS 0x00000000ece00000, 0x00000000ece00000| Untracked 
| 207|0x00000000ecf00000, 0x00000000ecf00000, 0x00000000ed000000|  0%| F|  |TAMS 0x00000000ecf00000, 0x00000000ecf00000| Untracked 
| 208|0x00000000ed000000, 0x00000000ed000000, 0x00000000ed100000|  0%| F|  |TAMS 0x00000000ed000000, 0x00000000ed000000| Untracked 
| 209|0x00000000ed100000, 0x00000000ed100000, 0x00000000ed200000|  0%| F|  |TAMS 0x00000000ed100000, 0x00000000ed100000| Untracked 
| 210|0x00000000ed200000, 0x00000000ed200000, 0x00000000ed300000|  0%| F|  |TAMS 0x00000000ed200000, 0x00000000ed200000| Untracked 
| 211|0x00000000ed300000, 0x00000000ed300000, 0x00000000ed400000|  0%| F|  |TAMS 0x00000000ed300000, 0x00000000ed300000| Untracked 
| 212|0x00000000ed400000, 0x00000000ed400000, 0x00000000ed500000|  0%| F|  |TAMS 0x00000000ed400000, 0x00000000ed400000| Untracked 
| 213|0x00000000ed500000, 0x00000000ed500000, 0x00000000ed600000|  0%| F|  |TAMS 0x00000000ed500000, 0x00000000ed500000| Untracked 
| 214|0x00000000ed600000, 0x00000000ed600000, 0x00000000ed700000|  0%| F|  |TAMS 0x00000000ed600000, 0x00000000ed600000| Untracked 
| 215|0x00000000ed700000, 0x00000000ed700000, 0x00000000ed800000|  0%| F|  |TAMS 0x00000000ed700000, 0x00000000ed700000| Untracked 
| 216|0x00000000ed800000, 0x00000000ed800000, 0x00000000ed900000|  0%| F|  |TAMS 0x00000000ed800000, 0x00000000ed800000| Untracked 
| 217|0x00000000ed900000, 0x00000000ed900000, 0x00000000eda00000|  0%| F|  |TAMS 0x00000000ed900000, 0x00000000ed900000| Untracked 
| 218|0x00000000eda00000, 0x00000000eda00000, 0x00000000edb00000|  0%| F|  |TAMS 0x00000000eda00000, 0x00000000eda00000| Untracked 
| 219|0x00000000edb00000, 0x00000000edb00000, 0x00000000edc00000|  0%| F|  |TAMS 0x00000000edb00000, 0x00000000edb00000| Untracked 
| 220|0x00000000edc00000, 0x00000000edc00000, 0x00000000edd00000|  0%| F|  |TAMS 0x00000000edc00000, 0x00000000edc00000| Untracked 
| 221|0x00000000edd00000, 0x00000000edd00000, 0x00000000ede00000|  0%| F|  |TAMS 0x00000000edd00000, 0x00000000edd00000| Untracked 
| 222|0x00000000ede00000, 0x00000000ede00000, 0x00000000edf00000|  0%| F|  |TAMS 0x00000000ede00000, 0x00000000ede00000| Untracked 
| 223|0x00000000edf00000, 0x00000000edf00000, 0x00000000ee000000|  0%| F|  |TAMS 0x00000000edf00000, 0x00000000edf00000| Untracked 
| 224|0x00000000ee000000, 0x00000000ee000000, 0x00000000ee100000|  0%| F|  |TAMS 0x00000000ee000000, 0x00000000ee000000| Untracked 
| 225|0x00000000ee100000, 0x00000000ee100000, 0x00000000ee200000|  0%| F|  |TAMS 0x00000000ee100000, 0x00000000ee100000| Untracked 
| 226|0x00000000ee200000, 0x00000000ee200000, 0x00000000ee300000|  0%| F|  |TAMS 0x00000000ee200000, 0x00000000ee200000| Untracked 
| 227|0x00000000ee300000, 0x00000000ee380800, 0x00000000ee400000| 50%| E|  |TAMS 0x00000000ee300000, 0x00000000ee300000| Complete 
| 228|0x00000000ee400000, 0x00000000ee500000, 0x00000000ee500000|100%| E|CS|TAMS 0x00000000ee400000, 0x00000000ee400000| Complete 
| 229|0x00000000ee500000, 0x00000000ee600000, 0x00000000ee600000|100%| E|CS|TAMS 0x00000000ee500000, 0x00000000ee500000| Complete 
| 230|0x00000000ee600000, 0x00000000ee700000, 0x00000000ee700000|100%| E|CS|TAMS 0x00000000ee600000, 0x00000000ee600000| Complete 
| 231|0x00000000ee700000, 0x00000000ee800000, 0x00000000ee800000|100%| E|CS|TAMS 0x00000000ee700000, 0x00000000ee700000| Complete 
| 232|0x00000000ee800000, 0x00000000ee900000, 0x00000000ee900000|100%| E|CS|TAMS 0x00000000ee800000, 0x00000000ee800000| Complete 
| 233|0x00000000ee900000, 0x00000000eea00000, 0x00000000eea00000|100%| E|CS|TAMS 0x00000000ee900000, 0x00000000ee900000| Complete 
| 234|0x00000000eea00000, 0x00000000eeb00000, 0x00000000eeb00000|100%| E|CS|TAMS 0x00000000eea00000, 0x00000000eea00000| Complete 
| 235|0x00000000eeb00000, 0x00000000eec00000, 0x00000000eec00000|100%| E|CS|TAMS 0x00000000eeb00000, 0x00000000eeb00000| Complete 
| 236|0x00000000eec00000, 0x00000000eed00000, 0x00000000eed00000|100%| E|CS|TAMS 0x00000000eec00000, 0x00000000eec00000| Complete 
| 237|0x00000000eed00000, 0x00000000eee00000, 0x00000000eee00000|100%| E|CS|TAMS 0x00000000eed00000, 0x00000000eed00000| Complete 
| 238|0x00000000eee00000, 0x00000000eef00000, 0x00000000eef00000|100%| E|CS|TAMS 0x00000000eee00000, 0x00000000eee00000| Complete 
| 239|0x00000000eef00000, 0x00000000ef000000, 0x00000000ef000000|100%| E|CS|TAMS 0x00000000eef00000, 0x00000000eef00000| Complete 
| 240|0x00000000ef000000, 0x00000000ef100000, 0x00000000ef100000|100%| E|CS|TAMS 0x00000000ef000000, 0x00000000ef000000| Complete 
| 241|0x00000000ef100000, 0x00000000ef200000, 0x00000000ef200000|100%| E|CS|TAMS 0x00000000ef100000, 0x00000000ef100000| Complete 
| 242|0x00000000ef200000, 0x00000000ef300000, 0x00000000ef300000|100%| E|CS|TAMS 0x00000000ef200000, 0x00000000ef200000| Complete 
| 243|0x00000000ef300000, 0x00000000ef400000, 0x00000000ef400000|100%| E|CS|TAMS 0x00000000ef300000, 0x00000000ef300000| Complete 
| 244|0x00000000ef400000, 0x00000000ef500000, 0x00000000ef500000|100%| E|CS|TAMS 0x00000000ef400000, 0x00000000ef400000| Complete 
| 245|0x00000000ef500000, 0x00000000ef600000, 0x00000000ef600000|100%| E|CS|TAMS 0x00000000ef500000, 0x00000000ef500000| Complete 
| 246|0x00000000ef600000, 0x00000000ef700000, 0x00000000ef700000|100%| E|CS|TAMS 0x00000000ef600000, 0x00000000ef600000| Complete 
| 247|0x00000000ef700000, 0x00000000ef800000, 0x00000000ef800000|100%| E|CS|TAMS 0x00000000ef700000, 0x00000000ef700000| Complete 
| 248|0x00000000ef800000, 0x00000000ef900000, 0x00000000ef900000|100%| E|CS|TAMS 0x00000000ef800000, 0x00000000ef800000| Complete 
| 249|0x00000000ef900000, 0x00000000efa00000, 0x00000000efa00000|100%| E|CS|TAMS 0x00000000ef900000, 0x00000000ef900000| Complete 
| 250|0x00000000efa00000, 0x00000000efb00000, 0x00000000efb00000|100%| E|CS|TAMS 0x00000000efa00000, 0x00000000efa00000| Complete 
| 251|0x00000000efb00000, 0x00000000efc00000, 0x00000000efc00000|100%| E|CS|TAMS 0x00000000efb00000, 0x00000000efb00000| Complete 
| 252|0x00000000efc00000, 0x00000000efd00000, 0x00000000efd00000|100%| E|CS|TAMS 0x00000000efc00000, 0x00000000efc00000| Complete 
| 253|0x00000000efd00000, 0x00000000efe00000, 0x00000000efe00000|100%| E|CS|TAMS 0x00000000efd00000, 0x00000000efd00000| Complete 
| 254|0x00000000efe00000, 0x00000000eff00000, 0x00000000eff00000|100%| E|CS|TAMS 0x00000000efe00000, 0x00000000efe00000| Complete 
| 255|0x00000000eff00000, 0x00000000f0000000, 0x00000000f0000000|100%| E|CS|TAMS 0x00000000eff00000, 0x00000000eff00000| Complete 

Card table byte_map: [0x0000028d6da30000,0x0000028d6db30000] _byte_map_base: 0x0000028d6d330000

Marking Bits (Prev, Next): (CMBitMap*) 0x0000028d5644c5f8, (CMBitMap*) 0x0000028d5644c638
 Prev Bits: [0x0000028d6dc30000, 0x0000028d6e430000)
 Next Bits: [0x0000028d6e430000, 0x0000028d6ec30000)

Polling page: 0x0000028d54310000

Metaspace:

Usage:
  Non-class:     54.71 MB capacity,    53.89 MB ( 99%) used,   674.53 KB (  1%) free+waste,   161.19 KB ( <1%) overhead. 
      Class:      8.44 MB capacity,     7.88 MB ( 93%) used,   497.54 KB (  6%) free+waste,    74.38 KB ( <1%) overhead. 
       Both:     63.15 MB capacity,    61.78 MB ( 98%) used,     1.14 MB (  2%) free+waste,   235.56 KB ( <1%) overhead. 

Virtual space:
  Non-class space:       56.00 MB reserved,      54.88 MB ( 98%) committed 
      Class space:      248.00 MB reserved,       8.57 MB (  3%) committed 
             Both:      304.00 MB reserved,      63.45 MB ( 21%) committed 

Chunk freelists:
   Non-Class:  47.00 KB
       Class:  26.00 KB
        Both:  73.00 KB

MaxMetaspaceSize: 256.00 MB
CompressedClassSpaceSize: 248.00 MB

CodeHeap 'non-profiled nmethods': size=120064Kb used=6790Kb max_used=6834Kb free=113273Kb
 bounds [0x0000028d663f0000, 0x0000028d66ad0000, 0x0000028d6d930000]
CodeHeap 'profiled nmethods': size=120000Kb used=21521Kb max_used=21689Kb free=98478Kb
 bounds [0x0000028d5eec0000, 0x0000028d60400000, 0x0000028d663f0000]
CodeHeap 'non-nmethods': size=5696Kb used=2390Kb max_used=2463Kb free=3305Kb
 bounds [0x0000028d5e930000, 0x0000028d5ebc0000, 0x0000028d5eec0000]
 total_blobs=15382 nmethods=9351 adapters=785
 compilation: enabled
              stopped_count=0, restarted_count=0
 full_count=0

Compilation events (20 events):
Event: 107.667 Thread 0x0000028d71238000 nmethod 11124 0x0000028d668fbf90 code [0x0000028d668fc120, 0x0000028d668fc4b8]
Event: 107.667 Thread 0x0000028d71238000 11112       4       org.objectweb.asm.ClassReader::readCode (5089 bytes)
Event: 107.777 Thread 0x0000028d7123a000 11145       2       java.io.File::isAbsolute (8 bytes)
Event: 107.777 Thread 0x0000028d7123a000 nmethod 11145 0x0000028d60016710 code [0x0000028d600168c0, 0x0000028d60016a70]
Event: 107.780 Thread 0x0000028d7123a000 11146       1       org.apache.tools.zip.ZipShort::hashCode (5 bytes)
Event: 107.780 Thread 0x0000028d7123a000 nmethod 11146 0x0000028d668fbc10 code [0x0000028d668fbda0, 0x0000028d668fbed8]
Event: 107.781 Thread 0x0000028d7123a000 11147       1       org.apache.tools.zip.UnrecognizedExtraField::setHeaderId (6 bytes)
Event: 107.781 Thread 0x0000028d7123a000 nmethod 11147 0x0000028d668fb890 code [0x0000028d668fba20, 0x0000028d668fbb98]
Event: 107.781 Thread 0x0000028d7123a000 11148       2       org.apache.tools.zip.UnrecognizedExtraField::getLocalFileDataData (8 bytes)
Event: 107.782 Thread 0x0000028d7123a000 nmethod 11148 0x0000028d60016190 code [0x0000028d60016340, 0x0000028d60016610]
Event: 107.812 Thread 0x0000028d7123a000 11150       2       org.apache.tools.zip.ExtraFieldUtils::createExtraField (40 bytes)
Event: 107.813 Thread 0x0000028d7123a000 nmethod 11150 0x0000028d60015b90 code [0x0000028d60015d60, 0x0000028d60016060]
Event: 107.813 Thread 0x0000028d7123a000 11151       2       org.apache.tools.zip.UnrecognizedExtraField::setLocalFileDataData (9 bytes)
Event: 107.813 Thread 0x0000028d7123a000 nmethod 11151 0x0000028d60015590 code [0x0000028d60015740, 0x0000028d60015a70]
Event: 107.813 Thread 0x0000028d7123a000 11152       2       org.apache.tools.zip.UnrecognizedExtraField::<init> (5 bytes)
Event: 107.813 Thread 0x0000028d7123a000 nmethod 11152 0x0000028d60015210 code [0x0000028d600153a0, 0x0000028d60015518]
Event: 107.823 Thread 0x0000028d7123a000 11153       2       org.apache.tools.zip.UnrecognizedExtraField::parseFromCentralDirectoryData (34 bytes)
Event: 107.823 Thread 0x0000028d7123a000 nmethod 11153 0x0000028d60014810 code [0x0000028d60014a00, 0x0000028d60015030]
Event: 108.085 Thread 0x0000028d7123a000 11156       2       org.objectweb.asm.ClassReader::readMethod (1061 bytes)
Event: 108.093 Thread 0x0000028d7123a000 nmethod 11156 0x0000028d60103610 code [0x0000028d60103b40, 0x0000028d601067a0]

GC Heap History (20 events):
Event: 32.160 GC heap before
{Heap before GC invocations=8 (full 0):
 garbage-first heap   total 262144K, used 57847K [0x00000000e0000000, 0x0000000100000000)
  region size 1024K, 45 young (46080K), 10 survivors (10240K)
 Metaspace       used 35020K, capacity 35839K, committed 36048K, reserved 286720K
  class space    used 4862K, capacity 5173K, committed 5196K, reserved 253952K
}
Event: 32.184 GC heap after
{Heap after GC invocations=9 (full 0):
 garbage-first heap   total 262144K, used 25402K [0x00000000e0000000, 0x0000000100000000)
  region size 1024K, 10 young (10240K), 10 survivors (10240K)
 Metaspace       used 35020K, capacity 35839K, committed 36048K, reserved 286720K
  class space    used 4862K, capacity 5173K, committed 5196K, reserved 253952K
}
Event: 53.872 GC heap before
{Heap before GC invocations=10 (full 0):
 garbage-first heap   total 262144K, used 148282K [0x00000000e0000000, 0x0000000100000000)
  region size 1024K, 130 young (133120K), 10 survivors (10240K)
 Metaspace       used 49222K, capacity 50468K, committed 50640K, reserved 299008K
  class space    used 6649K, capacity 7130K, committed 7244K, reserved 253952K
}
Event: 53.955 GC heap after
{Heap after GC invocations=11 (full 0):
 garbage-first heap   total 262144K, used 36387K [0x00000000e0000000, 0x0000000100000000)
  region size 1024K, 17 young (17408K), 17 survivors (17408K)
 Metaspace       used 49222K, capacity 50468K, committed 50640K, reserved 299008K
  class space    used 6649K, capacity 7130K, committed 7244K, reserved 253952K
}
Event: 59.964 GC heap before
{Heap before GC invocations=11 (full 0):
 garbage-first heap   total 262144K, used 169507K [0x00000000e0000000, 0x0000000100000000)
  region size 1024K, 148 young (151552K), 17 survivors (17408K)
 Metaspace       used 51113K, capacity 52279K, committed 52432K, reserved 301056K
  class space    used 6785K, capacity 7238K, committed 7244K, reserved 253952K
}
Event: 60.043 GC heap after
{Heap after GC invocations=12 (full 0):
 garbage-first heap   total 262144K, used 49616K [0x00000000e0000000, 0x0000000100000000)
  region size 1024K, 13 young (13312K), 13 survivors (13312K)
 Metaspace       used 51113K, capacity 52279K, committed 52432K, reserved 301056K
  class space    used 6785K, capacity 7238K, committed 7244K, reserved 253952K
}
Event: 61.384 GC heap before
{Heap before GC invocations=12 (full 0):
 garbage-first heap   total 262144K, used 183760K [0x00000000e0000000, 0x0000000100000000)
  region size 1024K, 144 young (147456K), 13 survivors (13312K)
 Metaspace       used 51335K, capacity 52544K, committed 52688K, reserved 301056K
  class space    used 6785K, capacity 7238K, committed 7244K, reserved 253952K
}
Event: 61.411 GC heap after
{Heap after GC invocations=13 (full 0):
 garbage-first heap   total 262144K, used 50688K [0x00000000e0000000, 0x0000000100000000)
  region size 1024K, 11 young (11264K), 11 survivors (11264K)
 Metaspace       used 51335K, capacity 52544K, committed 52688K, reserved 301056K
  class space    used 6785K, capacity 7238K, committed 7244K, reserved 253952K
}
Event: 79.498 GC heap before
{Heap before GC invocations=13 (full 0):
 garbage-first heap   total 262144K, used 186880K [0x00000000e0000000, 0x0000000100000000)
  region size 1024K, 144 young (147456K), 11 survivors (11264K)
 Metaspace       used 52186K, capacity 53407K, committed 53584K, reserved 301056K
  class space    used 6816K, capacity 7287K, committed 7372K, reserved 253952K
}
Event: 79.510 GC heap after
{Heap after GC invocations=14 (full 0):
 garbage-first heap   total 262144K, used 47104K [0x00000000e0000000, 0x0000000100000000)
  region size 1024K, 5 young (5120K), 5 survivors (5120K)
 Metaspace       used 52186K, capacity 53407K, committed 53584K, reserved 301056K
  class space    used 6816K, capacity 7287K, committed 7372K, reserved 253952K
}
Event: 89.969 GC heap before
{Heap before GC invocations=14 (full 0):
 garbage-first heap   total 262144K, used 197632K [0x00000000e0000000, 0x0000000100000000)
  region size 1024K, 153 young (156672K), 5 survivors (5120K)
 Metaspace       used 52876K, capacity 54074K, committed 54352K, reserved 301056K
  class space    used 6855K, capacity 7336K, committed 7372K, reserved 253952K
}
Event: 89.980 GC heap after
{Heap after GC invocations=15 (full 0):
 garbage-first heap   total 262144K, used 49417K [0x00000000e0000000, 0x0000000100000000)
  region size 1024K, 8 young (8192K), 8 survivors (8192K)
 Metaspace       used 52876K, capacity 54074K, committed 54352K, reserved 301056K
  class space    used 6855K, capacity 7336K, committed 7372K, reserved 253952K
}
Event: 93.473 GC heap before
{Heap before GC invocations=15 (full 0):
 garbage-first heap   total 262144K, used 197897K [0x00000000e0000000, 0x0000000100000000)
  region size 1024K, 153 young (156672K), 8 survivors (8192K)
 Metaspace       used 52911K, capacity 54074K, committed 54352K, reserved 301056K
  class space    used 6855K, capacity 7336K, committed 7372K, reserved 253952K
}
Event: 93.483 GC heap after
{Heap after GC invocations=16 (full 0):
 garbage-first heap   total 262144K, used 48750K [0x00000000e0000000, 0x0000000100000000)
  region size 1024K, 7 young (7168K), 7 survivors (7168K)
 Metaspace       used 52911K, capacity 54074K, committed 54352K, reserved 301056K
  class space    used 6855K, capacity 7336K, committed 7372K, reserved 253952K
}
Event: 96.556 GC heap before
{Heap before GC invocations=16 (full 0):
 garbage-first heap   total 262144K, used 198254K [0x00000000e0000000, 0x0000000100000000)
  region size 1024K, 153 young (156672K), 7 survivors (7168K)
 Metaspace       used 54928K, capacity 56135K, committed 56272K, reserved 303104K
  class space    used 7139K, capacity 7619K, committed 7756K, reserved 253952K
}
Event: 96.566 GC heap after
{Heap after GC invocations=17 (full 0):
 garbage-first heap   total 262144K, used 47410K [0x00000000e0000000, 0x0000000100000000)
  region size 1024K, 6 young (6144K), 6 survivors (6144K)
 Metaspace       used 54928K, capacity 56135K, committed 56272K, reserved 303104K
  class space    used 7139K, capacity 7619K, committed 7756K, reserved 253952K
}
Event: 97.503 GC heap before
{Heap before GC invocations=17 (full 0):
 garbage-first heap   total 262144K, used 50482K [0x00000000e0000000, 0x0000000100000000)
  region size 1024K, 10 young (10240K), 6 survivors (6144K)
 Metaspace       used 58747K, capacity 60111K, committed 60296K, reserved 307200K
  class space    used 7648K, capacity 8181K, committed 8268K, reserved 253952K
}
Event: 97.517 GC heap after
{Heap after GC invocations=18 (full 0):
 garbage-first heap   total 262144K, used 48400K [0x00000000e0000000, 0x0000000100000000)
  region size 1024K, 7 young (7168K), 7 survivors (7168K)
 Metaspace       used 58747K, capacity 60111K, committed 60296K, reserved 307200K
  class space    used 7648K, capacity 8181K, committed 8268K, reserved 253952K
}
Event: 104.018 GC heap before
{Heap before GC invocations=19 (full 0):
 garbage-first heap   total 262144K, used 192784K [0x00000000e0000000, 0x0000000100000000)
  region size 1024K, 149 young (152576K), 7 survivors (7168K)
 Metaspace       used 63228K, capacity 64590K, committed 64976K, reserved 311296K
  class space    used 8071K, capacity 8644K, committed 8780K, reserved 253952K
}
Event: 104.055 GC heap after
{Heap after GC invocations=20 (full 0):
 garbage-first heap   total 262144K, used 59392K [0x00000000e0000000, 0x0000000100000000)
  region size 1024K, 17 young (17408K), 17 survivors (17408K)
 Metaspace       used 63228K, capacity 64590K, committed 64976K, reserved 311296K
  class space    used 8071K, capacity 8644K, committed 8780K, reserved 253952K
}

Deoptimization events (20 events):
Event: 105.951 Thread 0x0000028d71c13000 DEOPT PACKING pc=0x0000028d6004ea29 sp=0x000000a648df6480
Event: 105.951 Thread 0x0000028d71c13000 DEOPT UNPACKING pc=0x0000028d5e97964e sp=0x000000a648df5b90 mode 0
Event: 105.963 Thread 0x0000028d71c13000 DEOPT PACKING pc=0x0000028d6004ea29 sp=0x000000a648df6480
Event: 105.963 Thread 0x0000028d71c13000 DEOPT UNPACKING pc=0x0000028d5e97964e sp=0x000000a648df5b90 mode 0
Event: 106.027 Thread 0x0000028d74a7c800 DEOPT PACKING pc=0x0000028d6010cfce sp=0x000000a649cfdb40
Event: 106.027 Thread 0x0000028d74a7c800 DEOPT UNPACKING pc=0x0000028d5e97964e sp=0x000000a649cfd120 mode 0
Event: 107.017 Thread 0x0000028d74a7c800 Uncommon trap: trap_request=0xffffff45 fr.pc=0x0000028d66a9bfd8 relative=0x00000000000000b8
Event: 107.017 Thread 0x0000028d74a7c800 Uncommon trap: reason=unstable_if action=reinterpret pc=0x0000028d66a9bfd8 method=org.apache.tools.zip.ExtraFieldUtils.parse([BZLorg/apache/tools/zip/ExtraFieldUtils$UnparseableExtraField;)[Lorg/apache/tools/zip/ZipExtraField; @ 17 c2
Event: 107.017 Thread 0x0000028d74a7c800 DEOPT PACKING pc=0x0000028d66a9bfd8 sp=0x000000a649cfde80
Event: 107.017 Thread 0x0000028d74a7c800 DEOPT UNPACKING pc=0x0000028d5e97912f sp=0x000000a649cfddd8 mode 2
Event: 107.026 Thread 0x0000028d74a7c800 Uncommon trap: trap_request=0xffffff45 fr.pc=0x0000028d66a9b984 relative=0x00000000000005c4
Event: 107.029 Thread 0x0000028d74a7c800 Uncommon trap: reason=unstable_if action=reinterpret pc=0x0000028d66a9b984 method=java.util.zip.ZipEntry.setExtra0([BZ)V @ 328 c2
Event: 107.029 Thread 0x0000028d74a7c800 DEOPT PACKING pc=0x0000028d66a9b984 sp=0x000000a649cfdd00
Event: 107.029 Thread 0x0000028d74a7c800 DEOPT UNPACKING pc=0x0000028d5e97912f sp=0x000000a649cfdc98 mode 2
Event: 108.047 Thread 0x0000028d74a7f000 DEOPT PACKING pc=0x0000028d6010cfce sp=0x000000a649afd4e0
Event: 108.047 Thread 0x0000028d74a7f000 DEOPT UNPACKING pc=0x0000028d5e97964e sp=0x000000a649afcac0 mode 0
Event: 108.056 Thread 0x0000028d74a7c800 Uncommon trap: trap_request=0xffffff45 fr.pc=0x0000028d66ab9a94 relative=0x0000000000009154
Event: 108.056 Thread 0x0000028d74a7c800 Uncommon trap: reason=unstable_if action=reinterpret pc=0x0000028d66ab9a94 method=org.objectweb.asm.Type.getClassName()Ljava/lang/String; @ 4 c2
Event: 108.056 Thread 0x0000028d74a7c800 DEOPT PACKING pc=0x0000028d66ab9a94 sp=0x000000a649cfda00
Event: 108.056 Thread 0x0000028d74a7c800 DEOPT UNPACKING pc=0x0000028d5e97912f sp=0x000000a649cfd818 mode 2

Classes unloaded (1 events):
Event: 97.653 Thread 0x0000028d71209000 Unloading class 0x0000000800fe5840 'org/gradle/api/internal/artifacts/ivyservice/ivyresolve/ErrorHandlingModuleComponentRepository$ErrorHandlingModuleComponentRepositoryAccess$$Lambda$261'

Classes redefined (0 events):
No events

Internal exceptions (20 events):
Event: 100.445 Thread 0x0000028d71c13000 Exception <a 'sun/nio/fs/WindowsException'{0x00000000ed2e9ad8}> (0x00000000ed2e9ad8) 
thrown [t:/workspace/open/src/hotspot/share/prims/jni.cpp, line 598]
Event: 100.532 Thread 0x0000028d71c13000 Exception <a 'java/lang/NoSuchMethodError'{0x00000000ed192b48}: 'int java.lang.invoke.DirectMethodHandle$Holder.invokeVirtual(java.lang.Object, java.lang.Object, java.lang.Object, java.lang.Object)'> (0x00000000ed192b48) 
thrown [t:/workspace/open/src/hotspot/share/interpreter/linkResolver.cpp, line 767]
Event: 100.537 Thread 0x0000028d71c13000 Exception <a 'java/lang/NoSuchMethodError'{0x00000000ed19dd38}: 'java.lang.Object java.lang.invoke.DirectMethodHandle$Holder.invokeStatic(java.lang.Object, java.lang.Object, int, java.lang.Object)'> (0x00000000ed19dd38) 
thrown [t:/workspace/open/src/hotspot/share/interpreter/linkResolver.cpp, line 767]
Event: 100.537 Thread 0x0000028d71c13000 Exception <a 'java/lang/NoSuchMethodError'{0x00000000ed1a23c0}: 'java.lang.Object java.lang.invoke.Invokers$Holder.linkToTargetMethod(java.lang.Object, int, java.lang.Object, java.lang.Object)'> (0x00000000ed1a23c0) 
thrown [t:/workspace/open/src/hotspot/share/interpreter/linkResolver.cpp, line 767]
Event: 100.768 Thread 0x0000028d71c13000 Exception <a 'sun/nio/fs/WindowsException'{0x00000000ecf4a498}> (0x00000000ecf4a498) 
thrown [t:/workspace/open/src/hotspot/share/prims/jni.cpp, line 598]
Event: 100.791 Thread 0x0000028d71c13000 Exception <a 'sun/nio/fs/WindowsException'{0x00000000ecf53a60}> (0x00000000ecf53a60) 
thrown [t:/workspace/open/src/hotspot/share/prims/jni.cpp, line 598]
Event: 100.911 Thread 0x0000028d71c13000 Exception <a 'sun/nio/fs/WindowsException'{0x00000000ece09bc8}> (0x00000000ece09bc8) 
thrown [t:/workspace/open/src/hotspot/share/prims/jni.cpp, line 598]
Event: 100.918 Thread 0x0000028d71c13000 Exception <a 'sun/nio/fs/WindowsException'{0x00000000ece126d8}> (0x00000000ece126d8) 
thrown [t:/workspace/open/src/hotspot/share/prims/jni.cpp, line 598]
Event: 100.943 Thread 0x0000028d71c13000 Exception <a 'sun/nio/fs/WindowsException'{0x00000000ece53798}> (0x00000000ece53798) 
thrown [t:/workspace/open/src/hotspot/share/prims/jni.cpp, line 598]
Event: 100.950 Thread 0x0000028d71c13000 Exception <a 'sun/nio/fs/WindowsException'{0x00000000ece5c3e0}> (0x00000000ece5c3e0) 
thrown [t:/workspace/open/src/hotspot/share/prims/jni.cpp, line 598]
Event: 100.990 Thread 0x0000028d71c13000 Exception <a 'sun/nio/fs/WindowsException'{0x00000000ececfe40}> (0x00000000ececfe40) 
thrown [t:/workspace/open/src/hotspot/share/prims/jni.cpp, line 598]
Event: 100.996 Thread 0x0000028d71c13000 Exception <a 'sun/nio/fs/WindowsException'{0x00000000eced8730}> (0x00000000eced8730) 
thrown [t:/workspace/open/src/hotspot/share/prims/jni.cpp, line 598]
Event: 101.026 Thread 0x0000028d71c13000 Exception <a 'sun/nio/fs/WindowsException'{0x00000000ecd1e730}> (0x00000000ecd1e730) 
thrown [t:/workspace/open/src/hotspot/share/prims/jni.cpp, line 598]
Event: 101.035 Thread 0x0000028d71c13000 Exception <a 'sun/nio/fs/WindowsException'{0x00000000ecd267e8}> (0x00000000ecd267e8) 
thrown [t:/workspace/open/src/hotspot/share/prims/jni.cpp, line 598]
Event: 101.076 Thread 0x0000028d71c13000 Exception <a 'sun/nio/fs/WindowsException'{0x00000000ecd68458}> (0x00000000ecd68458) 
thrown [t:/workspace/open/src/hotspot/share/prims/jni.cpp, line 598]
Event: 101.150 Thread 0x0000028d71c13000 Exception <a 'sun/nio/fs/WindowsException'{0x00000000ecd9c360}> (0x00000000ecd9c360) 
thrown [t:/workspace/open/src/hotspot/share/prims/jni.cpp, line 598]
Event: 101.151 Thread 0x0000028d71c13000 Exception <a 'sun/nio/fs/WindowsException'{0x00000000ecd9dac8}> (0x00000000ecd9dac8) 
thrown [t:/workspace/open/src/hotspot/share/prims/jni.cpp, line 598]
Event: 101.228 Thread 0x0000028d71c13000 Exception <a 'sun/nio/fs/WindowsException'{0x00000000ecc15d28}> (0x00000000ecc15d28) 
thrown [t:/workspace/open/src/hotspot/share/prims/jni.cpp, line 598]
Event: 101.384 Thread 0x0000028d71c13000 Exception <a 'java/lang/NoSuchMethodError'{0x00000000ecc8f178}: 'int java.lang.invoke.DirectMethodHandle$Holder.invokeStaticInit(java.lang.Object)'> (0x00000000ecc8f178) 
thrown [t:/workspace/open/src/hotspot/share/interpreter/linkResolver.cpp, line 767]
Event: 104.724 Thread 0x0000028d71c13000 Implicit null exception at 0x0000028d66925497 to 0x0000028d6692f2f2

Events (20 events):
Event: 102.619 loading class org/gradle/api/internal/tasks/compile/incremental/deps/DependentsSet$EmptyDependentsSet
Event: 102.619 loading class org/gradle/api/internal/tasks/compile/incremental/deps/DependentsSet$EmptyDependentsSet done
Event: 102.619 loading class org/gradle/api/internal/tasks/compile/incremental/deps/DependentsSet$DefaultDependentsSet
Event: 102.619 loading class org/gradle/api/internal/tasks/compile/incremental/deps/DependentsSet$DefaultDependentsSet done
Event: 102.620 loading class org/gradle/api/internal/tasks/compile/incremental/deps/DependentsSet$DependencyToAll
Event: 102.620 loading class org/gradle/api/internal/tasks/compile/incremental/deps/DependentsSet$DependencyToAll done
Event: 102.625 Executing VM operation: RevokeBias
Event: 102.626 Executing VM operation: RevokeBias done
Event: 104.018 Executing VM operation: G1CollectForAllocation
Event: 104.065 Executing VM operation: G1CollectForAllocation done
Event: 104.218 Executing VM operation: G1Concurrent
Event: 104.226 Executing VM operation: G1Concurrent done
Event: 104.316 Executing VM operation: G1Concurrent
Event: 104.316 Executing VM operation: G1Concurrent done
Event: 107.017 loading class org/apache/tools/zip/UnrecognizedExtraField
Event: 107.017 loading class org/apache/tools/zip/UnrecognizedExtraField done
Event: 107.017 Executing VM operation: Deoptimize
Event: 107.020 Executing VM operation: Deoptimize done
Event: 107.021 loading class org/apache/tools/zip/UnparseableExtraFieldData
Event: 107.021 loading class org/apache/tools/zip/UnparseableExtraFieldData done


Dynamic libraries:
0x00007ff697ff0000 - 0x00007ff697fff000 	C:\Program Files\Java\jdk-13.0.1\bin\java.exe
0x00007ffd802b0000 - 0x00007ffd804a5000 	C:\WINDOWS\SYSTEM32\ntdll.dll
0x00007ffd78ca0000 - 0x00007ffd78cb2000 	C:\Program Files\AVAST Software\Avast\aswhook.dll
0x00007ffd7f710000 - 0x00007ffd7f7cd000 	C:\WINDOWS\System32\KERNEL32.DLL
0x00007ffd7de20000 - 0x00007ffd7e0e8000 	C:\WINDOWS\System32\KERNELBASE.dll
0x00007ffd7dca0000 - 0x00007ffd7dda0000 	C:\WINDOWS\System32\ucrtbase.dll
0x00007ffd66360000 - 0x00007ffd66378000 	C:\Program Files\Java\jdk-13.0.1\bin\jli.dll
0x00007ffd7e710000 - 0x00007ffd7e7bc000 	C:\WINDOWS\System32\ADVAPI32.dll
0x00007ffd7fb60000 - 0x00007ffd7fbfe000 	C:\WINDOWS\System32\msvcrt.dll
0x00007ffd7f7d0000 - 0x00007ffd7f86b000 	C:\WINDOWS\System32\sechost.dll
0x00007ffd7ef10000 - 0x00007ffd7f03b000 	C:\WINDOWS\System32\RPCRT4.dll
0x00007ffd7f9c0000 - 0x00007ffd7fb60000 	C:\WINDOWS\System32\USER32.dll
0x00007ffd7dbd0000 - 0x00007ffd7dbf2000 	C:\WINDOWS\System32\win32u.dll
0x00007ffd7e680000 - 0x00007ffd7e6aa000 	C:\WINDOWS\System32\GDI32.dll
0x00007ffd7e0f0000 - 0x00007ffd7e1fb000 	C:\WINDOWS\System32\gdi32full.dll
0x00007ffd7dc00000 - 0x00007ffd7dc9d000 	C:\WINDOWS\System32\msvcp_win.dll
0x00007ffd66220000 - 0x00007ffd66235000 	C:\Program Files\Java\jdk-13.0.1\bin\VCRUNTIME140.dll
0x00007ffd6bc70000 - 0x00007ffd6bf0a000 	C:\WINDOWS\WinSxS\amd64_microsoft.windows.common-controls_6595b64144ccf1df_6.0.19041.844_none_ca00b6081b84eb1d\COMCTL32.dll
0x00007ffd775e0000 - 0x00007ffd775ea000 	C:\WINDOWS\SYSTEM32\VERSION.dll
0x00007ffd7f6e0000 - 0x00007ffd7f710000 	C:\WINDOWS\System32\IMM32.DLL
0x00007ffd394c0000 - 0x00007ffd3955b000 	C:\Program Files\Java\jdk-13.0.1\bin\msvcp140.dll
0x00007ffd20880000 - 0x00007ffd213e6000 	C:\Program Files\Java\jdk-13.0.1\bin\server\jvm.dll
0x00007ffd7f9b0000 - 0x00007ffd7f9b8000 	C:\WINDOWS\System32\PSAPI.DLL
0x00007ffd6cc20000 - 0x00007ffd6cc29000 	C:\WINDOWS\SYSTEM32\WSOCK32.dll
0x00007ffd7f550000 - 0x00007ffd7f5bb000 	C:\WINDOWS\System32\WS2_32.dll
0x00007ffd73d20000 - 0x00007ffd73d47000 	C:\WINDOWS\SYSTEM32\WINMM.dll
0x00007ffd7b940000 - 0x00007ffd7b952000 	C:\WINDOWS\SYSTEM32\kernel.appcore.dll
0x00007ffd77860000 - 0x00007ffd77870000 	C:\Program Files\Java\jdk-13.0.1\bin\verify.dll
0x00007ffd76590000 - 0x00007ffd76774000 	C:\WINDOWS\SYSTEM32\DBGHELP.DLL
0x00007ffd76560000 - 0x00007ffd7658c000 	C:\WINDOWS\SYSTEM32\dbgcore.DLL
0x00007ffd7dda0000 - 0x00007ffd7de20000 	C:\WINDOWS\System32\bcryptPrimitives.dll
0x00007ffd66140000 - 0x00007ffd66166000 	C:\Program Files\Java\jdk-13.0.1\bin\java.dll
0x00007ffd63250000 - 0x00007ffd63267000 	C:\Program Files\Java\jdk-13.0.1\bin\zip.dll
0x00007ffd77830000 - 0x00007ffd7783a000 	C:\Program Files\Java\jdk-13.0.1\bin\jimage.dll
0x00007ffd7e7c0000 - 0x00007ffd7ef02000 	C:\WINDOWS\System32\SHELL32.dll
0x00007ffd7bb40000 - 0x00007ffd7c2d0000 	C:\WINDOWS\SYSTEM32\windows.storage.dll
0x00007ffd7f0a0000 - 0x00007ffd7f3f5000 	C:\WINDOWS\System32\combase.dll
0x00007ffd7d460000 - 0x00007ffd7d48c000 	C:\WINDOWS\SYSTEM32\Wldp.dll
0x00007ffd80080000 - 0x00007ffd8012e000 	C:\WINDOWS\System32\SHCORE.dll
0x00007ffd80210000 - 0x00007ffd80265000 	C:\WINDOWS\System32\shlwapi.dll
0x00007ffd7d930000 - 0x00007ffd7d94f000 	C:\WINDOWS\SYSTEM32\profapi.dll
0x00007ffd61b00000 - 0x00007ffd61b19000 	C:\Program Files\Java\jdk-13.0.1\bin\net.dll
0x00007ffd73760000 - 0x00007ffd7386b000 	C:\WINDOWS\SYSTEM32\WINHTTP.dll
0x00007ffd7d1d0000 - 0x00007ffd7d23a000 	C:\WINDOWS\system32\mswsock.dll
0x00007ffd61920000 - 0x00007ffd61933000 	C:\Program Files\Java\jdk-13.0.1\bin\nio.dll
0x00007ffd5b9d0000 - 0x00007ffd5b9f7000 	C:\Users\Martin\.gradle\native\c976cfcca226fdd4bee4412e95191dd41148b7504f9625baeda1d523bc39a967\windows-amd64\native-platform.dll
0x00007ffd6e680000 - 0x00007ffd6e689000 	C:\Program Files\Java\jdk-13.0.1\bin\management.dll
0x00007ffd6b620000 - 0x00007ffd6b62b000 	C:\Program Files\Java\jdk-13.0.1\bin\management_ext.dll
0x00007ffd7d3a0000 - 0x00007ffd7d3b8000 	C:\WINDOWS\SYSTEM32\CRYPTSP.dll
0x00007ffd7cb00000 - 0x00007ffd7cb34000 	C:\WINDOWS\system32\rsaenh.dll
0x00007ffd7d9f0000 - 0x00007ffd7da17000 	C:\WINDOWS\System32\bcrypt.dll
0x00007ffd7d8b0000 - 0x00007ffd7d8de000 	C:\WINDOWS\SYSTEM32\USERENV.dll
0x00007ffd7d3c0000 - 0x00007ffd7d3cc000 	C:\WINDOWS\SYSTEM32\CRYPTBASE.dll
0x00007ffd7ce70000 - 0x00007ffd7ceab000 	C:\WINDOWS\SYSTEM32\IPHLPAPI.DLL
0x00007ffd80070000 - 0x00007ffd80078000 	C:\WINDOWS\System32\NSI.dll
0x00007ffd75380000 - 0x00007ffd75397000 	C:\WINDOWS\SYSTEM32\dhcpcsvc6.DLL
0x00007ffd75830000 - 0x00007ffd7584d000 	C:\WINDOWS\SYSTEM32\dhcpcsvc.DLL
0x00007ffd7cec0000 - 0x00007ffd7cf8c000 	C:\WINDOWS\SYSTEM32\DNSAPI.dll
0x00007ffd5c810000 - 0x00007ffd5c835000 	C:\Program Files\Java\jdk-13.0.1\bin\sunec.dll
0x00007ffd6fba0000 - 0x00007ffd6fbaa000 	C:\Windows\System32\rasadhlp.dll
0x00007ffd72cb0000 - 0x00007ffd72d2f000 	C:\WINDOWS\System32\fwpuclnt.dll
0x00007ffd77780000 - 0x00007ffd7778e000 	C:\Program Files\Java\jdk-13.0.1\bin\sunmscapi.dll
0x00007ffd7da70000 - 0x00007ffd7dbcf000 	C:\WINDOWS\System32\CRYPT32.dll
0x00007ffd7d4d0000 - 0x00007ffd7d4f7000 	C:\WINDOWS\SYSTEM32\ncrypt.dll
0x00007ffd7d490000 - 0x00007ffd7d4cb000 	C:\WINDOWS\SYSTEM32\NTASN1.dll

dbghelp: loaded successfully - version: 4.0.5 - missing functions: none
symbol engine: initialized successfully - sym options: 0x614 - pdb path: .;C:\Program Files\Java\jdk-13.0.1\bin;C:\WINDOWS\SYSTEM32;C:\Program Files\AVAST Software\Avast;C:\WINDOWS\WinSxS\amd64_microsoft.windows.common-controls_6595b64144ccf1df_6.0.19041.844_none_ca00b6081b84eb1d;C:\Program Files\Java\jdk-13.0.1\bin\server;C:\Users\Martin\.gradle\native\c976cfcca226fdd4bee4412e95191dd41148b7504f9625baeda1d523bc39a967\windows-amd64

VM Arguments:
jvm_args: --add-opens=java.base/java.util=ALL-UNNAMED --add-opens=java.base/java.lang=ALL-UNNAMED --add-opens=java.base/java.lang.invoke=ALL-UNNAMED --add-opens=java.prefs/java.util.prefs=ALL-UNNAMED -XX:MaxMetaspaceSize=256m -XX:+HeapDumpOnOutOfMemoryError -Xms256m -Xmx512m -Dfile.encoding=windows-1252 -Duser.country=CL -Duser.language=es -Duser.variant 
java_command: org.gradle.launcher.daemon.bootstrap.GradleDaemon 6.3
java_class_path (initial): C:\Users\Martin\.gradle\wrapper\dists\gradle-6.3-bin\8tpu6egwsccjzp10c1jckl0rx\gradle-6.3\lib\gradle-launcher-6.3.jar
Launcher Type: SUN_STANDARD

[Global flags]
     intx CICompilerCount                          = 3                                         {product} {ergonomic}
   size_t CompressedClassSpaceSize                 = 260046848                                 {product} {ergonomic}
     uint ConcGCThreads                            = 1                                         {product} {ergonomic}
     uint G1ConcRefinementThreads                  = 4                                         {product} {ergonomic}
   size_t G1HeapRegionSize                         = 1048576                                   {product} {ergonomic}
    uintx GCDrainStackTargetSize                   = 64                                        {product} {ergonomic}
     bool HeapDumpOnOutOfMemoryError               = true                                   {manageable} {command line}
   size_t InitialHeapSize                          = 268435456                                 {product} {command line}
   size_t MarkStackSize                            = 4194304                                   {product} {ergonomic}
   size_t MaxHeapSize                              = 536870912                                 {product} {command line}
   size_t MaxMetaspaceSize                         = 268435456                                 {product} {command line}
   size_t MaxNewSize                               = 321912832                                 {product} {ergonomic}
   size_t MinHeapDeltaBytes                        = 1048576                                   {product} {ergonomic}
   size_t MinHeapSize                              = 268435456                                 {product} {command line}
    uintx NonNMethodCodeHeapSize                   = 5830732                                {pd product} {ergonomic}
    uintx NonProfiledCodeHeapSize                  = 122913754                              {pd product} {ergonomic}
    uintx ProfiledCodeHeapSize                     = 122913754                              {pd product} {ergonomic}
    uintx ReservedCodeCacheSize                    = 251658240                              {pd product} {ergonomic}
     bool SegmentedCodeCache                       = true                                      {product} {ergonomic}
   size_t SoftMaxHeapSize                          = 536870912                              {manageable} {ergonomic}
     bool UseCompressedClassPointers               = true                                 {lp64_product} {ergonomic}
     bool UseCompressedOops                        = true                                 {lp64_product} {ergonomic}
     bool UseG1GC                                  = true                                      {product} {ergonomic}
     bool UseLargePagesIndividualAllocation        = false                                  {pd product} {ergonomic}

Logging:
Log output configuration:
 #0: stdout all=warning uptime,level,tags
 #1: stderr all=off uptime,level,tags

Environment Variables:
CLASSPATH=C:\Users\Martin\Documents\TBD-lab\ejemplo-spring-1\\gradle\wrapper\gradle-wrapper.jar
PATH=C:\Program Files\Common Files\Oracle\Java\javapath;C:\Octave\Octave-4.2.2\bin;C:\Program Files\Java\jdk1.8.0_231\bin;C:\Program Files (x86)\Intel\iCLS Client\;C:\Program Files\Intel\iCLS Client\;C:\Windows\system32;C:\Windows;C:\Windows\System32\Wbem;C:\Windows\System32\WindowsPowerShell\v1.0\;C:\Program Files (x86)\Intel\Intel(R) Management Engine Components\DAL;C:\Program Files\Intel\Intel(R) Management Engine Components\DAL;C:\Program Files (x86)\Intel\Intel(R) Management Engine Components\IPT;C:\Program Files\Intel\Intel(R) Management Engine Components\IPT;C:\Program Files (x86)\NVIDIA Corporation\PhysX\Common;C:\WINDOWS\system32;C:\WINDOWS;C:\WINDOWS\System32\Wbem;C:\WINDOWS\System32\WindowsPowerShell\v1.0\;C:\WINDOWS\System32\OpenSSH\;C:\Program Files (x86)\Vagrant\bin;C:\WINDOWS\system32;C:\WINDOWS;C:\WINDOWS\System32\Wbem;C:\WINDOWS\System32\WindowsPowerShell\v1.0\;C:\WINDOWS\System32\OpenSSH\;C:\Program Files\Git\cmd;C:\Program Files\PuTTY\;C:\Program Files\nodejs\;C:\Ruby27-x64\bin;C:\Users\Martin\AppData\Local\Microsoft\WindowsApps;C:\Users\Martin\AppData\Roaming\npm;C:\Users\Martin\AppData\Local\Programs\Microsoft VS Code\bin
USERNAME=Martin
OS=Windows_NT
PROCESSOR_IDENTIFIER=Intel64 Family 6 Model 61 Stepping 4, GenuineIntel



---------------  S Y S T E M  ---------------

OS: Windows 10 , 64 bit Build 19041 (10.0.19041.928)

CPU:total 4 (initial active 4) (2 cores per cpu, 2 threads per core) family 6 model 61 stepping 4, cmov, cx8, fxsr, mmx, sse, sse2, sse3, ssse3, sse4.1, sse4.2, popcnt, avx, avx2, aes, clmul, erms, 3dnowpref, lzcnt, ht, tsc, tscinvbit, bmi1, bmi2, adx, fma

Memory: 4k page, system-wide physical 4010M (351M free)
TotalPageFile size 8106M (AvailPageFile size 15M)
current process WorkingSet (physical memory assigned to process): 428M, peak: 428M
current process commit charge ("private bytes"): 515M, peak: 553M

vm_info: Java HotSpot(TM) 64-Bit Server VM (13.0.1+9) for windows-amd64 JRE (13.0.1+9), built on Oct  6 2019 12:37:49 by "mach5one" with unknown MS VC++:1916

END.
